<?xml version="1.0" encoding="UTF-8" standalone="yes"?><!DOCTYPE report PUBLIC "-//JACOCO//DTD Report 1.1//EN" "report.dtd"><report name="TldDoc"><sessioninfo id="manjaro-e766636e" start="1770678783726" dump="1770678785124"/><package name="io/github/weblegacy/tlddoc/main"><class name="io/github/weblegacy/tlddoc/main/TldDoc" sourcefilename="TldDoc.java"><method name="main" desc="([Ljava/lang/String;)V" line="99"><counter type="INSTRUCTION" missed="6" covered="11"/><counter type="LINE" missed="3" covered="5"/><counter type="COMPLEXITY" missed="0" covered="1"/><counter type="METHOD" missed="0" covered="1"/></method><method name="initGenerator" desc="([Ljava/lang/String;Lio/github/weblegacy/tlddoc/main/TldDocGenerator;)V" line="113"><counter type="INSTRUCTION" missed="149" covered="61"/><counter type="BRANCH" missed="26" covered="7"/><counter type="LINE" missed="47" covered="19"/><counter type="COMPLEXITY" missed="19" covered="3"/><counter type="METHOD" missed="0" covered="1"/></method><method name="addPath" desc="(Ljava/util/Iterator;Ljava/util/function/Consumer;Ljava/lang/String;)Z" line="223"><counter type="INSTRUCTION" missed="25" covered="0"/><counter type="BRANCH" missed="2" covered="0"/><counter type="LINE" missed="7" covered="0"/><counter type="COMPLEXITY" missed="2" covered="0"/><counter type="METHOD" missed="1" covered="0"/></method><method name="usage" desc="(Ljava/lang/String;)V" line="234"><counter type="INSTRUCTION" missed="12" covered="0"/><counter type="BRANCH" missed="2" covered="0"/><counter type="LINE" missed="5" covered="0"/><counter type="COMPLEXITY" missed="2" covered="0"/><counter type="METHOD" missed="1" covered="0"/></method><counter type="INSTRUCTION" missed="192" covered="72"/><counter type="BRANCH" missed="30" covered="7"/><counter type="LINE" missed="62" covered="24"/><counter type="COMPLEXITY" missed="23" covered="4"/><counter type="METHOD" missed="2" covered="2"/><counter type="CLASS" missed="0" covered="1"/></class><class name="io/github/weblegacy/tlddoc/main/TldDocGenerator" sourcefilename="TldDocGenerator.java"><method name="&lt;init&gt;" desc="()V" line="92"><counter type="INSTRUCTION" missed="0" covered="26"/><counter type="LINE" missed="0" covered="8"/><counter type="COMPLEXITY" missed="0" covered="1"/><counter type="METHOD" missed="0" covered="1"/></method><method name="addTagLibrary" desc="(Lio/github/weblegacy/tlddoc/main/TagLibrary;)V" line="151"><counter type="INSTRUCTION" missed="0" covered="6"/><counter type="LINE" missed="0" covered="2"/><counter type="COMPLEXITY" missed="0" covered="1"/><counter type="METHOD" missed="0" covered="1"/></method><method name="addTld" desc="(Ljava/nio/file/Path;)V" line="160"><counter type="INSTRUCTION" missed="0" covered="7"/><counter type="LINE" missed="0" covered="2"/><counter type="COMPLEXITY" missed="0" covered="1"/><counter type="METHOD" missed="0" covered="1"/></method><method name="addWebApp" desc="(Ljava/nio/file/Path;)V" line="170"><counter type="INSTRUCTION" missed="34" covered="0"/><counter type="BRANCH" missed="2" covered="0"/><counter type="LINE" missed="9" covered="0"/><counter type="COMPLEXITY" missed="2" covered="0"/><counter type="METHOD" missed="1" covered="0"/></method><method name="addWebAppTldsIn" desc="(Ljava/nio/file/Path;)V" line="196"><counter type="INSTRUCTION" missed="6" covered="0"/><counter type="LINE" missed="2" covered="0"/><counter type="COMPLEXITY" missed="1" covered="0"/><counter type="METHOD" missed="1" covered="0"/></method><method name="addWarTldsIn" desc="(Ljava/nio/file/Path;Ljava/lang/String;)V" line="208"><counter type="INSTRUCTION" missed="36" covered="0"/><counter type="BRANCH" missed="6" covered="0"/><counter type="LINE" missed="9" covered="0"/><counter type="COMPLEXITY" missed="4" covered="0"/><counter type="METHOD" missed="1" covered="0"/></method><method name="addWebAppJarsIn" desc="(Ljava/nio/file/Path;)V" line="228"><counter type="INSTRUCTION" missed="6" covered="0"/><counter type="LINE" missed="2" covered="0"/><counter type="COMPLEXITY" missed="1" covered="0"/><counter type="METHOD" missed="1" covered="0"/></method><method name="addWarJarsIn" desc="(Ljava/nio/file/Path;Ljava/lang/String;)V" line="240"><counter type="INSTRUCTION" missed="65" covered="0"/><counter type="BRANCH" missed="10" covered="0"/><counter type="LINE" missed="18" covered="0"/><counter type="COMPLEXITY" missed="6" covered="0"/><counter type="METHOD" missed="1" covered="0"/></method><method name="addWebAppTagDirsIn" desc="(Ljava/nio/file/Path;)V" line="276"><counter type="INSTRUCTION" missed="5" covered="0"/><counter type="LINE" missed="2" covered="0"/><counter type="COMPLEXITY" missed="1" covered="0"/><counter type="METHOD" missed="1" covered="0"/></method><method name="addWarTagDirsIn" desc="(Ljava/nio/file/Path;Ljava/lang/String;)V" line="288"><counter type="INSTRUCTION" missed="34" covered="0"/><counter type="BRANCH" missed="6" covered="0"/><counter type="LINE" missed="8" covered="0"/><counter type="COMPLEXITY" missed="4" covered="0"/><counter type="METHOD" missed="1" covered="0"/></method><method name="addJar" desc="(Ljava/nio/file/Path;)V" line="305"><counter type="INSTRUCTION" missed="40" covered="0"/><counter type="BRANCH" missed="4" covered="0"/><counter type="LINE" missed="12" covered="0"/><counter type="COMPLEXITY" missed="3" covered="0"/><counter type="METHOD" missed="1" covered="0"/></method><method name="addWar" desc="(Ljava/nio/file/Path;)V" line="328"><counter type="INSTRUCTION" missed="23" covered="0"/><counter type="LINE" missed="8" covered="0"/><counter type="COMPLEXITY" missed="1" covered="0"/><counter type="METHOD" missed="1" covered="0"/></method><method name="addTagDir" desc="(Ljava/nio/file/Path;)V" line="348"><counter type="INSTRUCTION" missed="7" covered="0"/><counter type="LINE" missed="2" covered="0"/><counter type="COMPLEXITY" missed="1" covered="0"/><counter type="METHOD" missed="1" covered="0"/></method><method name="setXsltDirectory" desc="(Ljava/nio/file/Path;)V" line="359"><counter type="INSTRUCTION" missed="4" covered="0"/><counter type="LINE" missed="2" covered="0"/><counter type="COMPLEXITY" missed="1" covered="0"/><counter type="METHOD" missed="1" covered="0"/></method><method name="setOutputDirectory" desc="(Ljava/nio/file/Path;)V" line="368"><counter type="INSTRUCTION" missed="0" covered="4"/><counter type="LINE" missed="0" covered="2"/><counter type="COMPLEXITY" missed="0" covered="1"/><counter type="METHOD" missed="0" covered="1"/></method><method name="setWindowTitle" desc="(Ljava/lang/String;)V" line="377"><counter type="INSTRUCTION" missed="4" covered="0"/><counter type="LINE" missed="2" covered="0"/><counter type="COMPLEXITY" missed="1" covered="0"/><counter type="METHOD" missed="1" covered="0"/></method><method name="setDocTitle" desc="(Ljava/lang/String;)V" line="386"><counter type="INSTRUCTION" missed="4" covered="0"/><counter type="LINE" missed="2" covered="0"/><counter type="COMPLEXITY" missed="1" covered="0"/><counter type="METHOD" missed="1" covered="0"/></method><method name="setQuiet" desc="(Z)V" line="395"><counter type="INSTRUCTION" missed="4" covered="0"/><counter type="LINE" missed="2" covered="0"/><counter type="COMPLEXITY" missed="1" covered="0"/><counter type="METHOD" missed="1" covered="0"/></method><method name="isQuiet" desc="()Z" line="404"><counter type="INSTRUCTION" missed="3" covered="0"/><counter type="LINE" missed="1" covered="0"/><counter type="COMPLEXITY" missed="1" covered="0"/><counter type="METHOD" missed="1" covered="0"/></method><method name="setVerbose" desc="(Z)V" line="414"><counter type="INSTRUCTION" missed="4" covered="0"/><counter type="LINE" missed="2" covered="0"/><counter type="COMPLEXITY" missed="1" covered="0"/><counter type="METHOD" missed="1" covered="0"/></method><method name="isVerbose" desc="()Z" line="424"><counter type="INSTRUCTION" missed="0" covered="3"/><counter type="LINE" missed="0" covered="1"/><counter type="COMPLEXITY" missed="0" covered="1"/><counter type="METHOD" missed="0" covered="1"/></method><method name="generate" desc="()V" line="434"><counter type="INSTRUCTION" missed="6" covered="18"/><counter type="LINE" missed="2" covered="8"/><counter type="COMPLEXITY" missed="0" covered="1"/><counter type="METHOD" missed="0" covered="1"/></method><method name="copyStaticFiles" desc="()V" line="455"><counter type="INSTRUCTION" missed="0" covered="8"/><counter type="LINE" missed="0" covered="2"/><counter type="COMPLEXITY" missed="0" covered="1"/><counter type="METHOD" missed="0" covered="1"/></method><method name="createTldSummaryDoc" desc="()V" line="486"><counter type="INSTRUCTION" missed="27" covered="176"/><counter type="BRANCH" missed="9" covered="7"/><counter type="LINE" missed="6" covered="39"/><counter type="COMPLEXITY" missed="7" covered="2"/><counter type="METHOD" missed="0" covered="1"/></method><method name="upgradeTld" desc="(Lorg/w3c/dom/Document;)Lorg/w3c/dom/Document;" line="594"><counter type="INSTRUCTION" missed="0" covered="95"/><counter type="BRANCH" missed="4" covered="8"/><counter type="LINE" missed="0" covered="22"/><counter type="COMPLEXITY" missed="4" covered="3"/><counter type="METHOD" missed="0" covered="1"/></method><method name="removeNameSpace" desc="(Lorg/w3c/dom/Document;Lorg/w3c/dom/Element;)V" line="653"><counter type="INSTRUCTION" missed="0" covered="13"/><counter type="BRANCH" missed="1" covered="3"/><counter type="LINE" missed="0" covered="4"/><counter type="COMPLEXITY" missed="1" covered="2"/><counter type="METHOD" missed="0" covered="1"/></method><method name="removeNameSpace" desc="(Lorg/w3c/dom/Document;Lorg/w3c/dom/Node;Ljava/lang/String;)V" line="667"><counter type="INSTRUCTION" missed="0" covered="38"/><counter type="BRANCH" missed="2" covered="6"/><counter type="LINE" missed="0" covered="9"/><counter type="COMPLEXITY" missed="2" covered="3"/><counter type="METHOD" missed="0" covered="1"/></method><method name="convertTld" desc="(Lorg/w3c/dom/Document;Ljava/lang/String;)Lorg/w3c/dom/Document;" line="706"><counter type="INSTRUCTION" missed="33" covered="30"/><counter type="BRANCH" missed="1" covered="1"/><counter type="LINE" missed="6" covered="6"/><counter type="COMPLEXITY" missed="1" covered="1"/><counter type="METHOD" missed="0" covered="1"/></method><method name="populateTld" desc="(Lio/github/weblegacy/tlddoc/main/TagLibrary;Lorg/w3c/dom/Document;)V" line="732"><counter type="INSTRUCTION" missed="0" covered="18"/><counter type="LINE" missed="0" covered="5"/><counter type="COMPLEXITY" missed="0" covered="1"/><counter type="METHOD" missed="0" covered="1"/></method><method name="populateTagFileDetails" desc="(Lio/github/weblegacy/tlddoc/main/TagLibrary;Lorg/w3c/dom/Document;Lorg/w3c/dom/Element;)V" line="748"><counter type="INSTRUCTION" missed="32" covered="86"/><counter type="BRANCH" missed="3" covered="9"/><counter type="LINE" missed="12" covered="22"/><counter type="COMPLEXITY" missed="3" covered="5"/><counter type="METHOD" missed="0" covered="1"/></method><method name="populateTagFileDetailsTagDirective" desc="(Lorg/w3c/dom/Element;Lorg/w3c/dom/Document;Lio/github/weblegacy/tlddoc/tagfileparser/Directive;)V" line="816"><counter type="INSTRUCTION" missed="10" covered="91"/><counter type="BRANCH" missed="1" covered="17"/><counter type="LINE" missed="2" covered="21"/><counter type="COMPLEXITY" missed="1" covered="9"/><counter type="METHOD" missed="0" covered="1"/></method><method name="populateTagFileDetailsTagDefaults" desc="(Lorg/w3c/dom/Element;Lorg/w3c/dom/Document;Ljava/lang/String;)V" line="854"><counter type="INSTRUCTION" missed="0" covered="34"/><counter type="LINE" missed="0" covered="8"/><counter type="COMPLEXITY" missed="0" covered="1"/><counter type="METHOD" missed="0" covered="1"/></method><method name="populateDefault" desc="(Lorg/w3c/dom/Document;Lorg/w3c/dom/Element;Ljava/lang/String;Ljava/lang/String;)V" line="874"><counter type="INSTRUCTION" missed="15" covered="6"/><counter type="BRANCH" missed="1" covered="1"/><counter type="LINE" missed="3" covered="2"/><counter type="COMPLEXITY" missed="1" covered="1"/><counter type="METHOD" missed="0" covered="1"/></method><method name="populateTagFileDetailsAttributeDirective" desc="(Lorg/w3c/dom/Element;Lorg/w3c/dom/Document;Lio/github/weblegacy/tlddoc/tagfileparser/Directive;)V" line="890"><counter type="INSTRUCTION" missed="64" covered="103"/><counter type="BRANCH" missed="12" covered="10"/><counter type="LINE" missed="23" covered="25"/><counter type="COMPLEXITY" missed="10" covered="4"/><counter type="METHOD" missed="0" covered="1"/></method><method name="populateTagFileDetailsVariableDirective" desc="(Lorg/w3c/dom/Element;Lorg/w3c/dom/Document;Lio/github/weblegacy/tlddoc/tagfileparser/Directive;)V" line="973"><counter type="INSTRUCTION" missed="0" covered="85"/><counter type="BRANCH" missed="0" covered="14"/><counter type="LINE" missed="0" covered="19"/><counter type="COMPLEXITY" missed="0" covered="8"/><counter type="METHOD" missed="0" covered="1"/></method><method name="checkOrAddShortName" desc="(Lio/github/weblegacy/tlddoc/main/TagLibrary;Lorg/w3c/dom/Document;Lorg/w3c/dom/Element;)V" line="1007"><counter type="INSTRUCTION" missed="31" covered="7"/><counter type="BRANCH" missed="1" covered="1"/><counter type="LINE" missed="7" covered="2"/><counter type="COMPLEXITY" missed="1" covered="1"/><counter type="METHOD" missed="0" covered="1"/></method><method name="checkOrAddAttributeType" desc="(Lorg/w3c/dom/Document;Lorg/w3c/dom/Element;)V" line="1030"><counter type="INSTRUCTION" missed="0" covered="79"/><counter type="BRANCH" missed="1" covered="11"/><counter type="LINE" missed="0" covered="20"/><counter type="COMPLEXITY" missed="1" covered="6"/><counter type="METHOD" missed="0" covered="1"/></method><method name="generateOverview" desc="()V" line="1077"><counter type="INSTRUCTION" missed="0" covered="43"/><counter type="LINE" missed="0" covered="7"/><counter type="COMPLEXITY" missed="0" covered="1"/><counter type="METHOD" missed="0" covered="1"/></method><method name="generateTldDetail" desc="()V" line="1099"><counter type="INSTRUCTION" missed="6" covered="161"/><counter type="BRANCH" missed="1" covered="11"/><counter type="LINE" missed="1" covered="36"/><counter type="COMPLEXITY" missed="1" covered="6"/><counter type="METHOD" missed="0" covered="1"/></method><method name="generateTldDetail" desc="(Ljava/nio/file/Path;Ljava/lang/String;)V" line="1166"><counter type="INSTRUCTION" missed="0" covered="24"/><counter type="LINE" missed="0" covered="5"/><counter type="COMPLEXITY" missed="0" covered="1"/><counter type="METHOD" missed="0" covered="1"/></method><method name="generateTagDetail" desc="(Ljava/nio/file/Path;Ljava/lang/String;Ljava/lang/String;)V" line="1190"><counter type="INSTRUCTION" missed="0" covered="23"/><counter type="LINE" missed="0" covered="5"/><counter type="COMPLEXITY" missed="0" covered="1"/><counter type="METHOD" missed="0" covered="1"/></method><method name="generateFunctionDetail" desc="(Ljava/nio/file/Path;Ljava/lang/String;Ljava/lang/String;)V" line="1213"><counter type="INSTRUCTION" missed="0" covered="23"/><counter type="LINE" missed="0" covered="5"/><counter type="COMPLEXITY" missed="0" covered="1"/><counter type="METHOD" missed="0" covered="1"/></method><method name="findElementValue" desc="(Lorg/w3c/dom/Element;Ljava/lang/String;)Ljava/lang/String;" line="1231"><counter type="INSTRUCTION" missed="0" covered="28"/><counter type="BRANCH" missed="1" covered="3"/><counter type="LINE" missed="0" covered="8"/><counter type="COMPLEXITY" missed="1" covered="2"/><counter type="METHOD" missed="0" covered="1"/></method><method name="generatePage" desc="(Ljava/nio/file/Path;Ljava/lang/String;)V" line="1263"><counter type="INSTRUCTION" missed="0" covered="6"/><counter type="LINE" missed="0" covered="2"/><counter type="COMPLEXITY" missed="0" covered="1"/><counter type="METHOD" missed="0" covered="1"/></method><method name="generatePage" desc="(Ljava/nio/file/Path;Ljava/lang/String;Ljava/util/Map;)V" line="1287"><counter type="INSTRUCTION" missed="0" covered="45"/><counter type="BRANCH" missed="0" covered="4"/><counter type="LINE" missed="0" covered="8"/><counter type="COMPLEXITY" missed="0" covered="3"/><counter type="METHOD" missed="0" covered="1"/></method><method name="copyResourceToFile" desc="(Ljava/nio/file/Path;Ljava/lang/String;)V" line="1309"><counter type="INSTRUCTION" missed="0" covered="15"/><counter type="LINE" missed="0" covered="3"/><counter type="COMPLEXITY" missed="0" covered="1"/><counter type="METHOD" missed="0" covered="1"/></method><method name="println" desc="(Ljava/lang/String;)V" line="1320"><counter type="INSTRUCTION" missed="0" covered="7"/><counter type="BRANCH" missed="1" covered="1"/><counter type="LINE" missed="0" covered="3"/><counter type="COMPLEXITY" missed="1" covered="1"/><counter type="METHOD" missed="0" covered="1"/></method><method name="getResourceAsStream" desc="(Ljava/lang/String;)Ljava/io/InputStream;" line="1336"><counter type="INSTRUCTION" missed="22" covered="13"/><counter type="BRANCH" missed="2" covered="2"/><counter type="LINE" missed="6" covered="5"/><counter type="COMPLEXITY" missed="2" covered="1"/><counter type="METHOD" missed="0" covered="1"/></method><method name="outputSuccessMessage" desc="()V" line="1360"><counter type="INSTRUCTION" missed="0" covered="4"/><counter type="LINE" missed="0" covered="2"/><counter type="COMPLEXITY" missed="0" covered="1"/><counter type="METHOD" missed="0" covered="1"/></method><method name="lambda$createTldSummaryDoc$0" desc="(Ljava/lang/String;Ljava/lang/String;)Lorg/xml/sax/InputSource;" line="492"><counter type="INSTRUCTION" missed="0" covered="9"/><counter type="LINE" missed="0" covered="1"/><counter type="COMPLEXITY" missed="0" covered="1"/><counter type="METHOD" missed="0" covered="1"/></method><counter type="INSTRUCTION" missed="525" covered="1334"/><counter type="BRANCH" missed="69" covered="109"/><counter type="LINE" missed="151" covered="319"/><counter type="COMPLEXITY" missed="67" covered="75"/><counter type="METHOD" missed="16" covered="34"/><counter type="CLASS" missed="0" covered="1"/></class><class name="io/github/weblegacy/tlddoc/main/TagLibrary" sourcefilename="TagLibrary.java"/><class name="io/github/weblegacy/tlddoc/main/GeneratorException" sourcefilename="GeneratorException.java"><method name="&lt;init&gt;" desc="()V" line="46"><counter type="INSTRUCTION" missed="3" covered="0"/><counter type="LINE" missed="2" covered="0"/><counter type="COMPLEXITY" missed="1" covered="0"/><counter type="METHOD" missed="1" covered="0"/></method><method name="&lt;init&gt;" desc="(Ljava/lang/String;)V" line="55"><counter type="INSTRUCTION" missed="4" covered="0"/><counter type="LINE" missed="2" covered="0"/><counter type="COMPLEXITY" missed="1" covered="0"/><counter type="METHOD" missed="1" covered="0"/></method><method name="&lt;init&gt;" desc="(Ljava/lang/Throwable;)V" line="68"><counter type="INSTRUCTION" missed="4" covered="0"/><counter type="LINE" missed="2" covered="0"/><counter type="COMPLEXITY" missed="1" covered="0"/><counter type="METHOD" missed="1" covered="0"/></method><counter type="INSTRUCTION" missed="11" covered="0"/><counter type="LINE" missed="6" covered="0"/><counter type="COMPLEXITY" missed="3" covered="0"/><counter type="METHOD" missed="3" covered="0"/><counter type="CLASS" missed="1" covered="0"/></class><sourcefile name="TldDoc.java"><line nr="99" mi="0" ci="4" mb="0" cb="0"/><line nr="102" mi="0" ci="3" mb="0" cb="0"/><line nr="103" mi="0" ci="2" mb="0" cb="0"/><line nr="104" mi="1" ci="0" mb="0" cb="0"/><line nr="105" mi="3" ci="0" mb="0" cb="0"/><line nr="106" mi="2" ci="0" mb="0" cb="0"/><line nr="107" mi="0" ci="1" mb="0" cb="0"/><line nr="108" mi="0" ci="1" mb="0" cb="0"/><line nr="113" mi="0" ci="4" mb="0" cb="0"/><line nr="114" mi="0" ci="2" mb="0" cb="0"/><line nr="117" mi="0" ci="3" mb="0" cb="2"/><line nr="118" mi="0" ci="4" mb="0" cb="0"/><line nr="120" mi="0" ci="8" mb="9" cb="2"/><line nr="122" mi="4" ci="0" mb="0" cb="0"/><line nr="123" mi="6" ci="0" mb="0" cb="0"/><line nr="124" mi="1" ci="0" mb="0" cb="0"/><line nr="126" mi="0" ci="4" mb="0" cb="0"/><line nr="127" mi="0" ci="6" mb="0" cb="0"/><line nr="128" mi="0" ci="1" mb="0" cb="0"/><line nr="130" mi="2" ci="0" mb="0" cb="0"/><line nr="131" mi="1" ci="0" mb="0" cb="0"/><line nr="133" mi="3" ci="0" mb="0" cb="0"/><line nr="134" mi="1" ci="0" mb="0" cb="0"/><line nr="136" mi="3" ci="0" mb="0" cb="0"/><line nr="137" mi="1" ci="0" mb="0" cb="0"/><line nr="139" mi="4" ci="0" mb="0" cb="0"/><line nr="140" mi="3" ci="0" mb="0" cb="0"/><line nr="141" mi="1" ci="0" mb="0" cb="0"/><line nr="143" mi="4" ci="0" mb="0" cb="0"/><line nr="144" mi="3" ci="0" mb="0" cb="0"/><line nr="145" mi="1" ci="0" mb="0" cb="0"/><line nr="147" mi="11" ci="0" mb="0" cb="0"/><line nr="148" mi="1" ci="0" mb="0" cb="0"/><line nr="150" mi="11" ci="0" mb="0" cb="0"/><line nr="151" mi="1" ci="0" mb="0" cb="0"/><line nr="153" mi="11" ci="0" mb="0" cb="0"/><line nr="154" mi="1" ci="0" mb="0" cb="0"/><line nr="156" mi="0" ci="5" mb="0" cb="0"/><line nr="157" mi="0" ci="5" mb="1" cb="1"/><line nr="158" mi="0" ci="3" mb="0" cb="0"/><line nr="159" mi="0" ci="4" mb="1" cb="1"/><line nr="162" mi="0" ci="3" mb="0" cb="0"/><line nr="163" mi="0" ci="3" mb="0" cb="0"/><line nr="164" mi="4" ci="0" mb="2" cb="0"/><line nr="167" mi="3" ci="0" mb="0" cb="0"/><line nr="168" mi="3" ci="0" mb="0" cb="0"/><line nr="169" mi="4" ci="0" mb="2" cb="0"/><line nr="172" mi="3" ci="0" mb="0" cb="0"/><line nr="173" mi="3" ci="0" mb="0" cb="0"/><line nr="175" mi="2" ci="0" mb="0" cb="0"/><line nr="176" mi="5" ci="0" mb="2" cb="0"/><line nr="180" mi="4" ci="0" mb="2" cb="0"/><line nr="181" mi="3" ci="0" mb="0" cb="0"/><line nr="182" mi="3" ci="0" mb="0" cb="0"/><line nr="184" mi="4" ci="0" mb="2" cb="0"/><line nr="185" mi="3" ci="0" mb="0" cb="0"/><line nr="187" mi="2" ci="0" mb="0" cb="0"/><line nr="188" mi="2" ci="0" mb="0" cb="0"/><line nr="190" mi="4" ci="0" mb="0" cb="0"/><line nr="194" mi="2" ci="0" mb="2" cb="0"/><line nr="195" mi="3" ci="0" mb="0" cb="0"/><line nr="199" mi="2" ci="0" mb="2" cb="0"/><line nr="200" mi="3" ci="0" mb="0" cb="0"/><line nr="202" mi="2" ci="0" mb="0" cb="0"/><line nr="203" mi="3" ci="0" mb="0" cb="0"/><line nr="206" mi="0" ci="1" mb="0" cb="0"/><line nr="207" mi="3" ci="0" mb="0" cb="0"/><line nr="211" mi="0" ci="1" mb="0" cb="0"/><line nr="212" mi="0" ci="2" mb="1" cb="1"/><line nr="213" mi="2" ci="0" mb="0" cb="0"/><line nr="215" mi="1" ci="0" mb="0" cb="0"/><line nr="216" mi="2" ci="0" mb="0" cb="0"/><line nr="217" mi="0" ci="1" mb="0" cb="0"/><line nr="218" mi="0" ci="1" mb="0" cb="0"/><line nr="223" mi="4" ci="0" mb="0" cb="0"/><line nr="224" mi="5" ci="0" mb="0" cb="0"/><line nr="225" mi="5" ci="0" mb="2" cb="0"/><line nr="226" mi="3" ci="0" mb="0" cb="0"/><line nr="227" mi="2" ci="0" mb="0" cb="0"/><line nr="229" mi="4" ci="0" mb="0" cb="0"/><line nr="230" mi="2" ci="0" mb="0" cb="0"/><line nr="234" mi="2" ci="0" mb="2" cb="0"/><line nr="235" mi="4" ci="0" mb="0" cb="0"/><line nr="237" mi="3" ci="0" mb="0" cb="0"/><line nr="238" mi="2" ci="0" mb="0" cb="0"/><line nr="239" mi="1" ci="0" mb="0" cb="0"/><counter type="INSTRUCTION" missed="192" covered="72"/><counter type="BRANCH" missed="30" covered="7"/><counter type="LINE" missed="62" covered="24"/><counter type="COMPLEXITY" missed="23" covered="4"/><counter type="METHOD" missed="2" covered="2"/><counter type="CLASS" missed="0" covered="1"/></sourcefile><sourcefile name="GeneratorException.java"><line nr="46" mi="2" ci="0" mb="0" cb="0"/><line nr="47" mi="1" ci="0" mb="0" cb="0"/><line nr="55" mi="3" ci="0" mb="0" cb="0"/><line nr="56" mi="1" ci="0" mb="0" cb="0"/><line nr="68" mi="3" ci="0" mb="0" cb="0"/><line nr="69" mi="1" ci="0" mb="0" cb="0"/><counter type="INSTRUCTION" missed="11" covered="0"/><counter type="LINE" missed="6" covered="0"/><counter type="COMPLEXITY" missed="3" covered="0"/><counter type="METHOD" missed="3" covered="0"/><counter type="CLASS" missed="1" covered="0"/></sourcefile><sourcefile name="TldDocGenerator.java"><line nr="92" mi="0" ci="5" mb="0" cb="0"/><line nr="97" mi="0" ci="3" mb="0" cb="0"/><line nr="102" mi="0" ci="6" mb="0" cb="0"/><line nr="107" mi="0" ci="3" mb="0" cb="0"/><line nr="112" mi="0" ci="3" mb="0" cb="0"/><line nr="137" mi="0" ci="3" mb="0" cb="0"/><line nr="142" mi="0" ci="2" mb="0" cb="0"/><line nr="143" mi="0" ci="1" mb="0" cb="0"/><line nr="151" mi="0" ci="5" mb="0" cb="0"/><line nr="152" mi="0" ci="1" mb="0" cb="0"/><line nr="160" mi="0" ci="6" mb="0" cb="0"/><line nr="161" mi="0" ci="1" mb="0" cb="0"/><line nr="170" mi="10" ci="0" mb="2" cb="0"/><line nr="173" mi="3" ci="0" mb="0" cb="0"/><line nr="177" mi="5" ci="0" mb="0" cb="0"/><line nr="180" mi="5" ci="0" mb="0" cb="0"/><line nr="182" mi="1" ci="0" mb="0" cb="0"/><line nr="183" mi="6" ci="0" mb="0" cb="0"/><line nr="184" mi="2" ci="0" mb="0" cb="0"/><line nr="185" mi="1" ci="0" mb="0" cb="0"/><line nr="186" mi="1" ci="0" mb="0" cb="0"/><line nr="196" mi="5" ci="0" mb="0" cb="0"/><line nr="197" mi="1" ci="0" mb="0" cb="0"/><line nr="208" mi="6" ci="0" mb="0" cb="0"/><line nr="209" mi="3" ci="0" mb="0" cb="0"/><line nr="210" mi="3" ci="0" mb="2" cb="0"/><line nr="211" mi="4" ci="0" mb="0" cb="0"/><line nr="212" mi="3" ci="0" mb="0" cb="0"/><line nr="213" mi="7" ci="0" mb="4" cb="0"/><line nr="214" mi="8" ci="0" mb="0" cb="0"/><line nr="216" mi="1" ci="0" mb="0" cb="0"/><line nr="218" mi="1" ci="0" mb="0" cb="0"/><line nr="228" mi="5" ci="0" mb="0" cb="0"/><line nr="229" mi="1" ci="0" mb="0" cb="0"/><line nr="240" mi="6" ci="0" mb="0" cb="0"/><line nr="241" mi="3" ci="0" mb="0" cb="0"/><line nr="242" mi="3" ci="0" mb="2" cb="0"/><line nr="243" mi="4" ci="0" mb="0" cb="0"/><line nr="244" mi="3" ci="0" mb="0" cb="0"/><line nr="245" mi="7" ci="0" mb="4" cb="0"/><line nr="248" mi="7" ci="0" mb="0" cb="0"/><line nr="252" mi="5" ci="0" mb="2" cb="0"/><line nr="253" mi="4" ci="0" mb="2" cb="0"/><line nr="254" mi="8" ci="0" mb="0" cb="0"/><line nr="255" mi="2" ci="0" mb="0" cb="0"/><line nr="258" mi="1" ci="0" mb="0" cb="0"/><line nr="259" mi="3" ci="0" mb="0" cb="0"/><line nr="260" mi="4" ci="0" mb="0" cb="0"/><line nr="261" mi="2" ci="0" mb="0" cb="0"/><line nr="262" mi="1" ci="0" mb="0" cb="0"/><line nr="264" mi="1" ci="0" mb="0" cb="0"/><line nr="266" mi="1" ci="0" mb="0" cb="0"/><line nr="276" mi="4" ci="0" mb="0" cb="0"/><line nr="277" mi="1" ci="0" mb="0" cb="0"/><line nr="288" mi="6" ci="0" mb="0" cb="0"/><line nr="289" mi="3" ci="0" mb="0" cb="0"/><line nr="290" mi="3" ci="0" mb="2" cb="0"/><line nr="291" mi="4" ci="0" mb="0" cb="0"/><line nr="292" mi="8" ci="0" mb="4" cb="0"/><line nr="293" mi="8" ci="0" mb="0" cb="0"/><line nr="295" mi="1" ci="0" mb="0" cb="0"/><line nr="297" mi="1" ci="0" mb="0" cb="0"/><line nr="305" mi="6" ci="0" mb="0" cb="0"/><line nr="307" mi="3" ci="0" mb="0" cb="0"/><line nr="308" mi="3" ci="0" mb="2" cb="0"/><line nr="309" mi="4" ci="0" mb="0" cb="0"/><line nr="310" mi="4" ci="0" mb="2" cb="0"/><line nr="311" mi="8" ci="0" mb="0" cb="0"/><line nr="313" mi="1" ci="0" mb="0" cb="0"/><line nr="314" mi="1" ci="0" mb="0" cb="0"/><line nr="315" mi="6" ci="0" mb="0" cb="0"/><line nr="316" mi="2" ci="0" mb="0" cb="0"/><line nr="317" mi="1" ci="0" mb="0" cb="0"/><line nr="318" mi="1" ci="0" mb="0" cb="0"/><line nr="328" mi="4" ci="0" mb="0" cb="0"/><line nr="332" mi="4" ci="0" mb="0" cb="0"/><line nr="335" mi="4" ci="0" mb="0" cb="0"/><line nr="336" mi="1" ci="0" mb="0" cb="0"/><line nr="337" mi="6" ci="0" mb="0" cb="0"/><line nr="338" mi="2" ci="0" mb="0" cb="0"/><line nr="339" mi="1" ci="0" mb="0" cb="0"/><line nr="340" mi="1" ci="0" mb="0" cb="0"/><line nr="348" mi="6" ci="0" mb="0" cb="0"/><line nr="349" mi="1" ci="0" mb="0" cb="0"/><line nr="359" mi="3" ci="0" mb="0" cb="0"/><line nr="360" mi="1" ci="0" mb="0" cb="0"/><line nr="368" mi="0" ci="3" mb="0" cb="0"/><line nr="369" mi="0" ci="1" mb="0" cb="0"/><line nr="377" mi="3" ci="0" mb="0" cb="0"/><line nr="378" mi="1" ci="0" mb="0" cb="0"/><line nr="386" mi="3" ci="0" mb="0" cb="0"/><line nr="387" mi="1" ci="0" mb="0" cb="0"/><line nr="395" mi="3" ci="0" mb="0" cb="0"/><line nr="396" mi="1" ci="0" mb="0" cb="0"/><line nr="404" mi="3" ci="0" mb="0" cb="0"/><line nr="414" mi="3" ci="0" mb="0" cb="0"/><line nr="415" mi="1" ci="0" mb="0" cb="0"/><line nr="424" mi="0" ci="3" mb="0" cb="0"/><line nr="434" mi="0" ci="6" mb="0" cb="0"/><line nr="436" mi="0" ci="2" mb="0" cb="0"/><line nr="437" mi="0" ci="2" mb="0" cb="0"/><line nr="438" mi="0" ci="2" mb="0" cb="0"/><line nr="439" mi="0" ci="2" mb="0" cb="0"/><line nr="440" mi="0" ci="2" mb="0" cb="0"/><line nr="441" mi="1" ci="0" mb="0" cb="0"/><line nr="444" mi="5" ci="0" mb="0" cb="0"/><line nr="445" mi="0" ci="1" mb="0" cb="0"/><line nr="446" mi="0" ci="1" mb="0" cb="0"/><line nr="455" mi="0" ci="7" mb="0" cb="0"/><line nr="457" mi="0" ci="1" mb="0" cb="0"/><line nr="486" mi="0" ci="2" mb="0" cb="0"/><line nr="487" mi="0" ci="3" mb="0" cb="0"/><line nr="488" mi="0" ci="3" mb="0" cb="0"/><line nr="489" mi="0" ci="3" mb="0" cb="0"/><line nr="490" mi="0" ci="3" mb="0" cb="0"/><line nr="491" mi="0" ci="3" mb="0" cb="0"/><line nr="492" mi="0" ci="9" mb="0" cb="0"/><line nr="494" mi="0" ci="4" mb="0" cb="0"/><line nr="497" mi="0" ci="6" mb="0" cb="0"/><line nr="498" mi="0" ci="5" mb="0" cb="0"/><line nr="500" mi="0" ci="5" mb="0" cb="0"/><line nr="504" mi="0" ci="6" mb="0" cb="0"/><line nr="505" mi="0" ci="4" mb="0" cb="0"/><line nr="507" mi="0" ci="6" mb="0" cb="0"/><line nr="509" mi="0" ci="8" mb="0" cb="0"/><line nr="510" mi="0" ci="4" mb="0" cb="0"/><line nr="512" mi="0" ci="6" mb="0" cb="0"/><line nr="513" mi="0" ci="8" mb="0" cb="0"/><line nr="514" mi="0" ci="4" mb="0" cb="0"/><line nr="517" mi="0" ci="5" mb="0" cb="0"/><line nr="519" mi="1" ci="8" mb="1" cb="1"/><line nr="521" mi="0" ci="11" mb="0" cb="2"/><line nr="523" mi="0" ci="2" mb="0" cb="0"/><line nr="524" mi="0" ci="4" mb="0" cb="0"/><line nr="527" mi="0" ci="4" mb="0" cb="0"/><line nr="531" mi="0" ci="3" mb="0" cb="0"/><line nr="532" mi="2" ci="2" mb="1" cb="1"/><line nr="533" mi="0" ci="5" mb="0" cb="0"/><line nr="534" mi="0" ci="6" mb="0" cb="0"/><line nr="535" mi="0" ci="6" mb="0" cb="0"/><line nr="536" mi="0" ci="7" mb="0" cb="0"/><line nr="537" mi="0" ci="2" mb="1" cb="1"/><line nr="539" mi="0" ci="4" mb="0" cb="0"/><line nr="541" mi="0" ci="6" mb="0" cb="0"/><line nr="542" mi="0" ci="2" mb="0" cb="0"/><line nr="543" mi="1" ci="5" mb="1" cb="1"/><line nr="544" mi="5" ci="0" mb="2" cb="0"/><line nr="545" mi="4" ci="0" mb="2" cb="0"/><line nr="546" mi="3" ci="0" mb="0" cb="0"/><line nr="547" mi="4" ci="0" mb="0" cb="0"/><line nr="550" mi="0" ci="5" mb="1" cb="1"/><line nr="551" mi="3" ci="0" mb="0" cb="0"/><line nr="552" mi="4" ci="0" mb="0" cb="0"/><line nr="555" mi="0" ci="4" mb="0" cb="0"/><line nr="558" mi="0" ci="1" mb="0" cb="0"/><line nr="567" mi="0" ci="1" mb="0" cb="0"/><line nr="594" mi="0" ci="3" mb="0" cb="0"/><line nr="598" mi="0" ci="5" mb="0" cb="2"/><line nr="599" mi="0" ci="3" mb="0" cb="0"/><line nr="602" mi="0" ci="5" mb="0" cb="0"/><line nr="603" mi="0" ci="3" mb="0" cb="0"/><line nr="608" mi="0" ci="5" mb="0" cb="2"/><line nr="609" mi="0" ci="3" mb="0" cb="0"/><line nr="612" mi="0" ci="5" mb="0" cb="0"/><line nr="613" mi="0" ci="3" mb="0" cb="0"/><line nr="616" mi="0" ci="6" mb="1" cb="1"/><line nr="618" mi="0" ci="5" mb="0" cb="0"/><line nr="619" mi="0" ci="3" mb="0" cb="0"/><line nr="622" mi="0" ci="6" mb="1" cb="1"/><line nr="624" mi="0" ci="5" mb="0" cb="0"/><line nr="625" mi="0" ci="3" mb="0" cb="0"/><line nr="628" mi="0" ci="6" mb="1" cb="1"/><line nr="630" mi="0" ci="5" mb="0" cb="0"/><line nr="631" mi="0" ci="3" mb="0" cb="0"/><line nr="634" mi="0" ci="6" mb="1" cb="1"/><line nr="636" mi="0" ci="5" mb="0" cb="0"/><line nr="640" mi="0" ci="5" mb="0" cb="0"/><line nr="643" mi="0" ci="2" mb="0" cb="0"/><line nr="653" mi="0" ci="3" mb="0" cb="0"/><line nr="654" mi="0" ci="5" mb="1" cb="3"/><line nr="655" mi="0" ci="4" mb="0" cb="0"/><line nr="657" mi="0" ci="1" mb="0" cb="0"/><line nr="667" mi="0" ci="10" mb="1" cb="3"/><line nr="668" mi="0" ci="3" mb="1" cb="1"/><line nr="669" mi="0" ci="7" mb="0" cb="0"/><line nr="672" mi="0" ci="3" mb="0" cb="0"/><line nr="673" mi="0" ci="2" mb="0" cb="0"/><line nr="674" mi="0" ci="4" mb="0" cb="2"/><line nr="675" mi="0" ci="2" mb="0" cb="0"/><line nr="676" mi="0" ci="6" mb="0" cb="0"/><line nr="678" mi="0" ci="1" mb="0" cb="0"/><line nr="706" mi="0" ci="4" mb="0" cb="0"/><line nr="707" mi="0" ci="7" mb="0" cb="0"/><line nr="709" mi="0" ci="4" mb="0" cb="0"/><line nr="710" mi="0" ci="10" mb="0" cb="0"/><line nr="712" mi="0" ci="3" mb="1" cb="1"/><line nr="713" mi="4" ci="0" mb="0" cb="0"/><line nr="714" mi="2" ci="0" mb="0" cb="0"/><line nr="715" mi="5" ci="0" mb="0" cb="0"/><line nr="716" mi="8" ci="0" mb="0" cb="0"/><line nr="717" mi="10" ci="0" mb="0" cb="0"/><line nr="718" mi="4" ci="0" mb="0" cb="0"/><line nr="721" mi="0" ci="2" mb="0" cb="0"/><line nr="732" mi="0" ci="3" mb="0" cb="0"/><line nr="734" mi="0" ci="5" mb="0" cb="0"/><line nr="735" mi="0" ci="4" mb="0" cb="0"/><line nr="736" mi="0" ci="5" mb="0" cb="0"/><line nr="737" mi="0" ci="1" mb="0" cb="0"/><line nr="748" mi="0" ci="5" mb="0" cb="0"/><line nr="749" mi="0" ci="8" mb="0" cb="2"/><line nr="750" mi="0" ci="5" mb="0" cb="0"/><line nr="751" mi="0" ci="5" mb="0" cb="0"/><line nr="752" mi="0" ci="2" mb="1" cb="1"/><line nr="753" mi="4" ci="0" mb="0" cb="0"/><line nr="754" mi="2" ci="0" mb="0" cb="0"/><line nr="757" mi="0" ci="4" mb="0" cb="0"/><line nr="758" mi="0" ci="2" mb="1" cb="1"/><line nr="759" mi="5" ci="0" mb="0" cb="0"/><line nr="761" mi="2" ci="0" mb="0" cb="0"/><line nr="764" mi="0" ci="4" mb="0" cb="0"/><line nr="765" mi="0" ci="3" mb="0" cb="0"/><line nr="766" mi="0" ci="11" mb="0" cb="2"/><line nr="767" mi="0" ci="3" mb="0" cb="0"/><line nr="768" mi="0" ci="8" mb="1" cb="3"/><line nr="770" mi="0" ci="5" mb="0" cb="0"/><line nr="772" mi="0" ci="1" mb="0" cb="0"/><line nr="774" mi="0" ci="5" mb="0" cb="0"/><line nr="776" mi="0" ci="1" mb="0" cb="0"/><line nr="778" mi="0" ci="5" mb="0" cb="0"/><line nr="780" mi="0" ci="1" mb="0" cb="0"/><line nr="784" mi="0" ci="1" mb="0" cb="0"/><line nr="786" mi="0" ci="5" mb="0" cb="0"/><line nr="789" mi="1" ci="0" mb="0" cb="0"/><line nr="790" mi="4" ci="0" mb="0" cb="0"/><line nr="792" mi="2" ci="0" mb="0" cb="0"/><line nr="794" mi="2" ci="0" mb="0" cb="0"/><line nr="795" mi="1" ci="0" mb="0" cb="0"/><line nr="796" mi="4" ci="0" mb="0" cb="0"/><line nr="798" mi="2" ci="0" mb="0" cb="0"/><line nr="800" mi="2" ci="0" mb="0" cb="0"/><line nr="801" mi="1" ci="1" mb="0" cb="0"/><line nr="804" mi="0" ci="1" mb="0" cb="0"/><line nr="816" mi="0" ci="11" mb="0" cb="2"/><line nr="817" mi="0" ci="3" mb="0" cb="0"/><line nr="818" mi="0" ci="3" mb="0" cb="0"/><line nr="820" mi="0" ci="6" mb="0" cb="2"/><line nr="821" mi="0" ci="4" mb="0" cb="2"/><line nr="822" mi="0" ci="4" mb="0" cb="2"/><line nr="823" mi="0" ci="4" mb="0" cb="2"/><line nr="824" mi="0" ci="2" mb="0" cb="2"/><line nr="825" mi="0" ci="5" mb="0" cb="0"/><line nr="826" mi="0" ci="6" mb="0" cb="0"/><line nr="827" mi="0" ci="5" mb="0" cb="0"/><line nr="828" mi="0" ci="6" mb="0" cb="2"/><line nr="829" mi="0" ci="2" mb="0" cb="2"/><line nr="830" mi="0" ci="5" mb="0" cb="0"/><line nr="832" mi="0" ci="3" mb="1" cb="1"/><line nr="833" mi="5" ci="0" mb="0" cb="0"/><line nr="834" mi="5" ci="0" mb="0" cb="0"/><line nr="836" mi="0" ci="5" mb="0" cb="0"/><line nr="838" mi="0" ci="5" mb="0" cb="0"/><line nr="839" mi="0" ci="6" mb="0" cb="0"/><line nr="840" mi="0" ci="4" mb="0" cb="0"/><line nr="842" mi="0" ci="1" mb="0" cb="0"/><line nr="843" mi="0" ci="1" mb="0" cb="0"/><line nr="854" mi="0" ci="5" mb="0" cb="0"/><line nr="855" mi="0" ci="3" mb="0" cb="0"/><line nr="856" mi="0" ci="6" mb="0" cb="0"/><line nr="857" mi="0" ci="1" mb="0" cb="0"/><line nr="858" mi="0" ci="6" mb="0" cb="0"/><line nr="859" mi="0" ci="6" mb="0" cb="0"/><line nr="860" mi="0" ci="6" mb="0" cb="0"/><line nr="861" mi="0" ci="1" mb="0" cb="0"/><line nr="874" mi="0" ci="5" mb="1" cb="1"/><line nr="875" mi="5" ci="0" mb="0" cb="0"/><line nr="876" mi="6" ci="0" mb="0" cb="0"/><line nr="877" mi="4" ci="0" mb="0" cb="0"/><line nr="879" mi="0" ci="1" mb="0" cb="0"/><line nr="890" mi="0" ci="5" mb="0" cb="0"/><line nr="892" mi="0" ci="4" mb="0" cb="0"/><line nr="893" mi="0" ci="2" mb="0" cb="0"/><line nr="894" mi="0" ci="2" mb="0" cb="0"/><line nr="895" mi="0" ci="11" mb="0" cb="2"/><line nr="896" mi="0" ci="3" mb="0" cb="0"/><line nr="897" mi="0" ci="3" mb="0" cb="0"/><line nr="899" mi="0" ci="8" mb="5" cb="1"/><line nr="906" mi="0" ci="5" mb="0" cb="0"/><line nr="907" mi="0" ci="6" mb="0" cb="0"/><line nr="908" mi="0" ci="4" mb="0" cb="0"/><line nr="909" mi="0" ci="1" mb="0" cb="0"/><line nr="911" mi="2" ci="0" mb="2" cb="0"/><line nr="912" mi="3" ci="0" mb="0" cb="0"/><line nr="916" mi="2" ci="0" mb="0" cb="0"/><line nr="917" mi="1" ci="0" mb="0" cb="0"/><line nr="919" mi="2" ci="0" mb="2" cb="0"/><line nr="920" mi="3" ci="0" mb="0" cb="0"/><line nr="924" mi="2" ci="0" mb="0" cb="0"/><line nr="925" mi="1" ci="0" mb="0" cb="0"/><line nr="929" mi="0" ci="1" mb="0" cb="0"/><line nr="930" mi="0" ci="2" mb="1" cb="1"/><line nr="931" mi="3" ci="0" mb="0" cb="0"/><line nr="932" mi="2" ci="0" mb="0" cb="0"/><line nr="933" mi="4" ci="0" mb="0" cb="0"/><line nr="934" mi="3" ci="0" mb="0" cb="0"/><line nr="935" mi="2" ci="0" mb="0" cb="0"/><line nr="936" mi="6" ci="0" mb="0" cb="0"/><line nr="937" mi="4" ci="0" mb="0" cb="0"/><line nr="939" mi="0" ci="2" mb="1" cb="1"/><line nr="940" mi="3" ci="0" mb="0" cb="0"/><line nr="941" mi="2" ci="0" mb="0" cb="0"/><line nr="942" mi="4" ci="0" mb="0" cb="0"/><line nr="943" mi="3" ci="0" mb="0" cb="0"/><line nr="944" mi="2" ci="0" mb="0" cb="0"/><line nr="945" mi="5" ci="0" mb="0" cb="0"/><line nr="946" mi="1" ci="0" mb="0" cb="0"/><line nr="947" mi="4" ci="0" mb="0" cb="0"/><line nr="949" mi="0" ci="6" mb="0" cb="0"/><line nr="950" mi="0" ci="6" mb="0" cb="0"/><line nr="951" mi="0" ci="6" mb="0" cb="0"/><line nr="956" mi="0" ci="5" mb="0" cb="0"/><line nr="957" mi="0" ci="4" mb="1" cb="1"/><line nr="958" mi="0" ci="6" mb="0" cb="2"/><line nr="959" mi="0" ci="5" mb="0" cb="0"/><line nr="960" mi="0" ci="4" mb="0" cb="2"/><line nr="961" mi="0" ci="1" mb="0" cb="0"/><line nr="962" mi="0" ci="1" mb="0" cb="0"/><line nr="973" mi="0" ci="5" mb="0" cb="0"/><line nr="975" mi="0" ci="4" mb="0" cb="0"/><line nr="976" mi="0" ci="11" mb="0" cb="2"/><line nr="977" mi="0" ci="3" mb="0" cb="0"/><line nr="978" mi="0" ci="3" mb="0" cb="0"/><line nr="980" mi="0" ci="6" mb="0" cb="2"/><line nr="981" mi="0" ci="4" mb="0" cb="2"/><line nr="982" mi="0" ci="4" mb="0" cb="2"/><line nr="983" mi="0" ci="4" mb="0" cb="2"/><line nr="984" mi="0" ci="4" mb="0" cb="2"/><line nr="985" mi="0" ci="2" mb="0" cb="2"/><line nr="986" mi="0" ci="5" mb="0" cb="0"/><line nr="987" mi="0" ci="6" mb="0" cb="0"/><line nr="988" mi="0" ci="4" mb="0" cb="0"/><line nr="990" mi="0" ci="1" mb="0" cb="0"/><line nr="991" mi="0" ci="6" mb="0" cb="0"/><line nr="993" mi="0" ci="6" mb="0" cb="0"/><line nr="994" mi="0" ci="6" mb="0" cb="0"/><line nr="995" mi="0" ci="1" mb="0" cb="0"/><line nr="1007" mi="0" ci="6" mb="1" cb="1"/><line nr="1008" mi="4" ci="0" mb="0" cb="0"/><line nr="1009" mi="6" ci="0" mb="0" cb="0"/><line nr="1010" mi="5" ci="0" mb="0" cb="0"/><line nr="1012" mi="6" ci="0" mb="0" cb="0"/><line nr="1013" mi="4" ci="0" mb="0" cb="0"/><line nr="1014" mi="3" ci="0" mb="0" cb="0"/><line nr="1015" mi="3" ci="0" mb="0" cb="0"/><line nr="1019" mi="0" ci="1" mb="0" cb="0"/><line nr="1030" mi="0" ci="5" mb="0" cb="0"/><line nr="1031" mi="0" ci="8" mb="0" cb="2"/><line nr="1032" mi="0" ci="5" mb="0" cb="0"/><line nr="1033" mi="0" ci="3" mb="0" cb="0"/><line nr="1034" mi="0" ci="2" mb="0" cb="0"/><line nr="1035" mi="0" ci="8" mb="0" cb="2"/><line nr="1036" mi="0" ci="5" mb="0" cb="0"/><line nr="1037" mi="0" ci="4" mb="0" cb="0"/><line nr="1038" mi="0" ci="2" mb="0" cb="2"/><line nr="1040" mi="0" ci="2" mb="0" cb="0"/><line nr="1043" mi="0" ci="5" mb="0" cb="0"/><line nr="1045" mi="0" ci="3" mb="0" cb="2"/><line nr="1046" mi="0" ci="5" mb="0" cb="2"/><line nr="1047" mi="0" ci="4" mb="1" cb="1"/><line nr="1048" mi="0" ci="2" mb="0" cb="0"/><line nr="1052" mi="0" ci="5" mb="0" cb="0"/><line nr="1054" mi="0" ci="5" mb="0" cb="0"/><line nr="1055" mi="0" ci="1" mb="0" cb="0"/><line nr="1056" mi="0" ci="4" mb="0" cb="0"/><line nr="1060" mi="0" ci="1" mb="0" cb="0"/><line nr="1077" mi="0" ci="7" mb="0" cb="0"/><line nr="1078" mi="0" ci="7" mb="0" cb="0"/><line nr="1080" mi="0" ci="7" mb="0" cb="0"/><line nr="1082" mi="0" ci="7" mb="0" cb="0"/><line nr="1084" mi="0" ci="7" mb="0" cb="0"/><line nr="1086" mi="0" ci="7" mb="0" cb="0"/><line nr="1088" mi="0" ci="1" mb="0" cb="0"/><line nr="1099" mi="0" ci="4" mb="0" cb="0"/><line nr="1100" mi="0" ci="4" mb="0" cb="0"/><line nr="1101" mi="0" ci="5" mb="0" cb="0"/><line nr="1102" mi="0" ci="3" mb="0" cb="0"/><line nr="1103" mi="0" ci="7" mb="0" cb="2"/><line nr="1104" mi="0" ci="5" mb="0" cb="0"/><line nr="1105" mi="0" ci="5" mb="0" cb="0"/><line nr="1106" mi="0" ci="5" mb="0" cb="0"/><line nr="1107" mi="0" ci="4" mb="1" cb="1"/><line nr="1108" mi="6" ci="0" mb="0" cb="0"/><line nr="1111" mi="0" ci="2" mb="0" cb="0"/><line nr="1112" mi="0" ci="2" mb="0" cb="2"/><line nr="1113" mi="0" ci="2" mb="0" cb="0"/><line nr="1115" mi="0" ci="4" mb="0" cb="0"/><line nr="1116" mi="0" ci="4" mb="0" cb="0"/><line nr="1117" mi="0" ci="5" mb="0" cb="0"/><line nr="1118" mi="0" ci="5" mb="0" cb="0"/><line nr="1121" mi="0" ci="4" mb="0" cb="0"/><line nr="1124" mi="0" ci="5" mb="0" cb="0"/><line nr="1125" mi="0" ci="3" mb="0" cb="0"/><line nr="1126" mi="0" ci="7" mb="0" cb="2"/><line nr="1127" mi="0" ci="5" mb="0" cb="0"/><line nr="1128" mi="0" ci="5" mb="0" cb="0"/><line nr="1129" mi="0" ci="5" mb="0" cb="0"/><line nr="1133" mi="0" ci="5" mb="0" cb="0"/><line nr="1134" mi="0" ci="3" mb="0" cb="0"/><line nr="1135" mi="0" ci="7" mb="0" cb="2"/><line nr="1136" mi="0" ci="5" mb="0" cb="0"/><line nr="1137" mi="0" ci="5" mb="0" cb="0"/><line nr="1138" mi="0" ci="5" mb="0" cb="0"/><line nr="1142" mi="0" ci="5" mb="0" cb="0"/><line nr="1143" mi="0" ci="3" mb="0" cb="0"/><line nr="1144" mi="0" ci="7" mb="0" cb="2"/><line nr="1145" mi="0" ci="5" mb="0" cb="0"/><line nr="1146" mi="0" ci="5" mb="0" cb="0"/><line nr="1147" mi="0" ci="5" mb="0" cb="0"/><line nr="1150" mi="0" ci="1" mb="0" cb="0"/><line nr="1166" mi="0" ci="4" mb="0" cb="0"/><line nr="1167" mi="0" ci="5" mb="0" cb="0"/><line nr="1169" mi="0" ci="7" mb="0" cb="0"/><line nr="1171" mi="0" ci="7" mb="0" cb="0"/><line nr="1173" mi="0" ci="1" mb="0" cb="0"/><line nr="1190" mi="0" ci="4" mb="0" cb="0"/><line nr="1191" mi="0" ci="5" mb="0" cb="0"/><line nr="1192" mi="0" ci="5" mb="0" cb="0"/><line nr="1194" mi="0" ci="8" mb="0" cb="0"/><line nr="1196" mi="0" ci="1" mb="0" cb="0"/><line nr="1213" mi="0" ci="4" mb="0" cb="0"/><line nr="1214" mi="0" ci="5" mb="0" cb="0"/><line nr="1215" mi="0" ci="5" mb="0" cb="0"/><line nr="1217" mi="0" ci="8" mb="0" cb="0"/><line nr="1219" mi="0" ci="1" mb="0" cb="0"/><line nr="1231" mi="0" ci="2" mb="0" cb="0"/><line nr="1232" mi="0" ci="5" mb="0" cb="0"/><line nr="1233" mi="0" ci="4" mb="0" cb="2"/><line nr="1234" mi="0" ci="5" mb="0" cb="0"/><line nr="1235" mi="0" ci="3" mb="0" cb="0"/><line nr="1236" mi="0" ci="4" mb="1" cb="1"/><line nr="1237" mi="0" ci="3" mb="0" cb="0"/><line nr="1240" mi="0" ci="2" mb="0" cb="0"/><line nr="1263" mi="0" ci="5" mb="0" cb="0"/><line nr="1264" mi="0" ci="1" mb="0" cb="0"/><line nr="1287" mi="0" ci="4" mb="0" cb="0"/><line nr="1288" mi="0" ci="7" mb="0" cb="0"/><line nr="1290" mi="0" ci="2" mb="0" cb="2"/><line nr="1291" mi="0" ci="11" mb="0" cb="2"/><line nr="1292" mi="0" ci="7" mb="0" cb="0"/><line nr="1293" mi="0" ci="1" mb="0" cb="0"/><line nr="1295" mi="0" ci="12" mb="0" cb="0"/><line nr="1296" mi="0" ci="1" mb="0" cb="0"/><line nr="1309" mi="0" ci="4" mb="0" cb="0"/><line nr="1310" mi="0" ci="10" mb="0" cb="0"/><line nr="1312" mi="0" ci="1" mb="0" cb="0"/><line nr="1320" mi="0" ci="3" mb="1" cb="1"/><line nr="1321" mi="0" ci="3" mb="0" cb="0"/><line nr="1323" mi="0" ci="1" mb="0" cb="0"/><line nr="1336" mi="0" ci="2" mb="0" cb="0"/><line nr="1338" mi="0" ci="3" mb="1" cb="1"/><line nr="1339" mi="6" ci="0" mb="0" cb="0"/><line nr="1340" mi="4" ci="0" mb="0" cb="0"/><line nr="1342" mi="5" ci="0" mb="0" cb="0"/><line nr="1343" mi="1" ci="0" mb="0" cb="0"/><line nr="1345" mi="5" ci="0" mb="0" cb="0"/><line nr="1346" mi="1" ci="0" mb="0" cb="0"/><line nr="1349" mi="0" ci="2" mb="1" cb="1"/><line nr="1350" mi="0" ci="4" mb="0" cb="0"/><line nr="1353" mi="0" ci="2" mb="0" cb="0"/><line nr="1360" mi="0" ci="3" mb="0" cb="0"/><line nr="1361" mi="0" ci="1" mb="0" cb="0"/><counter type="INSTRUCTION" missed="525" covered="1334"/><counter type="BRANCH" missed="69" covered="109"/><counter type="LINE" missed="151" covered="319"/><counter type="COMPLEXITY" missed="67" covered="75"/><counter type="METHOD" missed="16" covered="34"/><counter type="CLASS" missed="0" covered="1"/></sourcefile><sourcefile name="TagLibrary.java"/><counter type="INSTRUCTION" missed="728" covered="1406"/><counter type="BRANCH" missed="99" covered="116"/><counter type="LINE" missed="219" covered="343"/><counter type="COMPLEXITY" missed="93" covered="79"/><counter type="METHOD" missed="21" covered="36"/><counter type="CLASS" missed="1" covered="2"/></package><package name="io/github/weblegacy/tlddoc/tagfileparser"><class name="io/github/weblegacy/tlddoc/tagfileparser/Directives" sourcefilename="Directives.java"><method name="&lt;init&gt;" desc="()V" line="48"><counter type="INSTRUCTION" missed="0" covered="8"/><counter type="LINE" missed="0" covered="3"/><counter type="COMPLEXITY" missed="0" covered="1"/><counter type="METHOD" missed="0" covered="1"/></method><method name="addDirective" desc="(Lio/github/weblegacy/tlddoc/tagfileparser/Directive;)V" line="62"><counter type="INSTRUCTION" missed="0" covered="6"/><counter type="LINE" missed="0" covered="2"/><counter type="COMPLEXITY" missed="0" covered="1"/><counter type="METHOD" missed="0" covered="1"/></method><method name="getDirectives" desc="()Ljava/util/List;" line="71"><counter type="INSTRUCTION" missed="0" covered="4"/><counter type="LINE" missed="0" covered="1"/><counter type="COMPLEXITY" missed="0" covered="1"/><counter type="METHOD" missed="0" covered="1"/></method><method name="toString" desc="()Ljava/lang/String;" line="81"><counter type="INSTRUCTION" missed="21" covered="0"/><counter type="LINE" missed="5" covered="0"/><counter type="COMPLEXITY" missed="1" covered="0"/><counter type="METHOD" missed="1" covered="0"/></method><counter type="INSTRUCTION" missed="21" covered="18"/><counter type="LINE" missed="5" covered="6"/><counter type="COMPLEXITY" missed="1" covered="3"/><counter type="METHOD" missed="1" covered="3"/><counter type="CLASS" missed="0" covered="1"/></class><class name="io/github/weblegacy/tlddoc/tagfileparser/Directive" sourcefilename="Directive.java"><method name="&lt;init&gt;" desc="()V" line="53"><counter type="INSTRUCTION" missed="0" covered="8"/><counter type="LINE" missed="0" covered="3"/><counter type="COMPLEXITY" missed="0" covered="1"/><counter type="METHOD" missed="0" covered="1"/></method><method name="getDirectiveName" desc="()Ljava/lang/String;" line="67"><counter type="INSTRUCTION" missed="0" covered="3"/><counter type="LINE" missed="0" covered="1"/><counter type="COMPLEXITY" missed="0" covered="1"/><counter type="METHOD" missed="0" covered="1"/></method><method name="setDirectiveName" desc="(Ljava/lang/String;)V" line="76"><counter type="INSTRUCTION" missed="0" covered="4"/><counter type="LINE" missed="0" covered="2"/><counter type="COMPLEXITY" missed="0" covered="1"/><counter type="METHOD" missed="0" covered="1"/></method><method name="addAttribute" desc="(Lio/github/weblegacy/tlddoc/tagfileparser/Attribute;)V" line="85"><counter type="INSTRUCTION" missed="0" covered="6"/><counter type="LINE" missed="0" covered="2"/><counter type="COMPLEXITY" missed="0" covered="1"/><counter type="METHOD" missed="0" covered="1"/></method><method name="getAttributes" desc="()Ljava/util/List;" line="94"><counter type="INSTRUCTION" missed="0" covered="4"/><counter type="LINE" missed="0" covered="1"/><counter type="COMPLEXITY" missed="0" covered="1"/><counter type="METHOD" missed="0" covered="1"/></method><method name="toString" desc="()Ljava/lang/String;" line="104"><counter type="INSTRUCTION" missed="29" covered="0"/><counter type="LINE" missed="7" covered="0"/><counter type="COMPLEXITY" missed="1" covered="0"/><counter type="METHOD" missed="1" covered="0"/></method><counter type="INSTRUCTION" missed="29" covered="25"/><counter type="LINE" missed="7" covered="9"/><counter type="COMPLEXITY" missed="1" covered="5"/><counter type="METHOD" missed="1" covered="5"/><counter type="CLASS" missed="0" covered="1"/></class><class name="io/github/weblegacy/tlddoc/tagfileparser/Attribute" sourcefilename="Attribute.java"><method name="&lt;init&gt;" desc="(Ljava/lang/String;Ljava/lang/String;)V" line="57"><counter type="INSTRUCTION" missed="0" covered="9"/><counter type="LINE" missed="0" covered="4"/><counter type="COMPLEXITY" missed="0" covered="1"/><counter type="METHOD" missed="0" covered="1"/></method><method name="getName" desc="()Ljava/lang/String;" line="68"><counter type="INSTRUCTION" missed="0" covered="3"/><counter type="LINE" missed="0" covered="1"/><counter type="COMPLEXITY" missed="0" covered="1"/><counter type="METHOD" missed="0" covered="1"/></method><method name="setName" desc="(Ljava/lang/String;)V" line="77"><counter type="INSTRUCTION" missed="4" covered="0"/><counter type="LINE" missed="2" covered="0"/><counter type="COMPLEXITY" missed="1" covered="0"/><counter type="METHOD" missed="1" covered="0"/></method><method name="getValue" desc="()Ljava/lang/String;" line="86"><counter type="INSTRUCTION" missed="0" covered="3"/><counter type="LINE" missed="0" covered="1"/><counter type="COMPLEXITY" missed="0" covered="1"/><counter type="METHOD" missed="0" covered="1"/></method><method name="setValue" desc="(Ljava/lang/String;)V" line="95"><counter type="INSTRUCTION" missed="4" covered="0"/><counter type="LINE" missed="2" covered="0"/><counter type="COMPLEXITY" missed="1" covered="0"/><counter type="METHOD" missed="1" covered="0"/></method><method name="toString" desc="()Ljava/lang/String;" line="105"><counter type="INSTRUCTION" missed="6" covered="0"/><counter type="LINE" missed="1" covered="0"/><counter type="COMPLEXITY" missed="1" covered="0"/><counter type="METHOD" missed="1" covered="0"/></method><counter type="INSTRUCTION" missed="14" covered="15"/><counter type="LINE" missed="5" covered="6"/><counter type="COMPLEXITY" missed="3" covered="3"/><counter type="METHOD" missed="3" covered="3"/><counter type="CLASS" missed="0" covered="1"/></class><sourcefile name="Directive.java"><line nr="53" mi="0" ci="5" mb="0" cb="0"/><line nr="58" mi="0" ci="2" mb="0" cb="0"/><line nr="59" mi="0" ci="1" mb="0" cb="0"/><line nr="67" mi="0" ci="3" mb="0" cb="0"/><line nr="76" mi="0" ci="3" mb="0" cb="0"/><line nr="77" mi="0" ci="1" mb="0" cb="0"/><line nr="85" mi="0" ci="5" mb="0" cb="0"/><line nr="86" mi="0" ci="1" mb="0" cb="0"/><line nr="94" mi="0" ci="4" mb="0" cb="0"/><line nr="104" mi="4" ci="0" mb="0" cb="0"/><line nr="105" mi="4" ci="0" mb="0" cb="0"/><line nr="106" mi="5" ci="0" mb="0" cb="0"/><line nr="107" mi="4" ci="0" mb="0" cb="0"/><line nr="108" mi="5" ci="0" mb="0" cb="0"/><line nr="109" mi="4" ci="0" mb="0" cb="0"/><line nr="110" mi="3" ci="0" mb="0" cb="0"/><counter type="INSTRUCTION" missed="29" covered="25"/><counter type="LINE" missed="7" covered="9"/><counter type="COMPLEXITY" missed="1" covered="5"/><counter type="METHOD" missed="1" covered="5"/><counter type="CLASS" missed="0" covered="1"/></sourcefile><sourcefile name="Attribute.java"><line nr="57" mi="0" ci="2" mb="0" cb="0"/><line nr="58" mi="0" ci="3" mb="0" cb="0"/><line nr="59" mi="0" ci="3" mb="0" cb="0"/><line nr="60" mi="0" ci="1" mb="0" cb="0"/><line nr="68" mi="0" ci="3" mb="0" cb="0"/><line nr="77" mi="3" ci="0" mb="0" cb="0"/><line nr="78" mi="1" ci="0" mb="0" cb="0"/><line nr="86" mi="0" ci="3" mb="0" cb="0"/><line nr="95" mi="3" ci="0" mb="0" cb="0"/><line nr="96" mi="1" ci="0" mb="0" cb="0"/><line nr="105" mi="6" ci="0" mb="0" cb="0"/><counter type="INSTRUCTION" missed="14" covered="15"/><counter type="LINE" missed="5" covered="6"/><counter type="COMPLEXITY" missed="3" covered="3"/><counter type="METHOD" missed="3" covered="3"/><counter type="CLASS" missed="0" covered="1"/></sourcefile><sourcefile name="Directives.java"><line nr="48" mi="0" ci="5" mb="0" cb="0"/><line nr="53" mi="0" ci="2" mb="0" cb="0"/><line nr="54" mi="0" ci="1" mb="0" cb="0"/><line nr="62" mi="0" ci="5" mb="0" cb="0"/><line nr="63" mi="0" ci="1" mb="0" cb="0"/><line nr="71" mi="0" ci="4" mb="0" cb="0"/><line nr="81" mi="4" ci="0" mb="0" cb="0"/><line nr="82" mi="4" ci="0" mb="0" cb="0"/><line nr="83" mi="6" ci="0" mb="0" cb="0"/><line nr="84" mi="4" ci="0" mb="0" cb="0"/><line nr="85" mi="3" ci="0" mb="0" cb="0"/><counter type="INSTRUCTION" missed="21" covered="18"/><counter type="LINE" missed="5" covered="6"/><counter type="COMPLEXITY" missed="1" covered="3"/><counter type="METHOD" missed="1" covered="3"/><counter type="CLASS" missed="0" covered="1"/></sourcefile><counter type="INSTRUCTION" missed="64" covered="58"/><counter type="LINE" missed="17" covered="21"/><counter type="COMPLEXITY" missed="5" covered="11"/><counter type="METHOD" missed="5" covered="11"/><counter type="CLASS" missed="0" covered="3"/></package><package name="io/github/weblegacy/tlddoc"><class name="io/github/weblegacy/tlddoc/Utils" sourcefilename="Utils.java"><method name="isWebInf" desc="(Ljava/nio/file/Path;)Z" line="70"><counter type="INSTRUCTION" missed="19" covered="0"/><counter type="BRANCH" missed="6" covered="0"/><counter type="LINE" missed="2" covered="0"/><counter type="COMPLEXITY" missed="4" covered="0"/><counter type="METHOD" missed="1" covered="0"/></method><method name="pathContains" desc="(Ljava/nio/file/Path;Ljava/lang/String;)Z" line="83"><counter type="INSTRUCTION" missed="5" covered="0"/><counter type="LINE" missed="1" covered="0"/><counter type="COMPLEXITY" missed="1" covered="0"/><counter type="METHOD" missed="1" covered="0"/></method><method name="pathString" desc="(Ljava/nio/file/Path;)Ljava/lang/String;" line="94"><counter type="INSTRUCTION" missed="21" covered="0"/><counter type="BRANCH" missed="2" covered="0"/><counter type="LINE" missed="6" covered="0"/><counter type="COMPLEXITY" missed="2" covered="0"/><counter type="METHOD" missed="1" covered="0"/></method><method name="getLowerFileName" desc="(Ljava/nio/file/Path;)Ljava/lang/String;" line="113"><counter type="INSTRUCTION" missed="2" covered="10"/><counter type="BRANCH" missed="1" covered="1"/><counter type="LINE" missed="0" covered="2"/><counter type="COMPLEXITY" missed="1" covered="1"/><counter type="METHOD" missed="0" covered="1"/></method><method name="isTag" desc="(Ljava/nio/file/Path;)Z" line="125"><counter type="INSTRUCTION" missed="22" covered="0"/><counter type="BRANCH" missed="6" covered="0"/><counter type="LINE" missed="4" covered="0"/><counter type="COMPLEXITY" missed="4" covered="0"/><counter type="METHOD" missed="1" covered="0"/></method><method name="isTag" desc="(Ljava/lang/String;)Z" line="141"><counter type="INSTRUCTION" missed="16" covered="0"/><counter type="BRANCH" missed="4" covered="0"/><counter type="LINE" missed="2" covered="0"/><counter type="COMPLEXITY" missed="3" covered="0"/><counter type="METHOD" missed="1" covered="0"/></method><method name="isTld" desc="(Ljava/nio/file/Path;)Z" line="153"><counter type="INSTRUCTION" missed="5" covered="0"/><counter type="LINE" missed="1" covered="0"/><counter type="COMPLEXITY" missed="1" covered="0"/><counter type="METHOD" missed="1" covered="0"/></method><method name="isTld" desc="(Ljava/lang/String;)Z" line="164"><counter type="INSTRUCTION" missed="6" covered="0"/><counter type="LINE" missed="1" covered="0"/><counter type="COMPLEXITY" missed="1" covered="0"/><counter type="METHOD" missed="1" covered="0"/></method><method name="isJar" desc="(Ljava/nio/file/Path;)Z" line="175"><counter type="INSTRUCTION" missed="5" covered="0"/><counter type="LINE" missed="1" covered="0"/><counter type="COMPLEXITY" missed="1" covered="0"/><counter type="METHOD" missed="1" covered="0"/></method><method name="isJar" desc="(Ljava/lang/String;)Z" line="186"><counter type="INSTRUCTION" missed="6" covered="0"/><counter type="LINE" missed="1" covered="0"/><counter type="COMPLEXITY" missed="1" covered="0"/><counter type="METHOD" missed="1" covered="0"/></method><method name="processFiles" desc="(Ljava/nio/file/Path;Ljava/util/function/Predicate;Ljava/util/function/Consumer;)V" line="201"><counter type="INSTRUCTION" missed="10" covered="0"/><counter type="BRANCH" missed="2" covered="0"/><counter type="LINE" missed="3" covered="0"/><counter type="COMPLEXITY" missed="2" covered="0"/><counter type="METHOD" missed="1" covered="0"/></method><method name="processFiles0" desc="(Ljava/nio/file/Path;Ljava/util/function/Predicate;Ljava/util/function/Consumer;)V" line="218"><counter type="INSTRUCTION" missed="32" covered="0"/><counter type="BRANCH" missed="6" covered="0"/><counter type="LINE" missed="8" covered="0"/><counter type="COMPLEXITY" missed="4" covered="0"/><counter type="METHOD" missed="1" covered="0"/></method><method name="processDirs" desc="(Ljava/nio/file/Path;Ljava/util/function/Consumer;)V" line="240"><counter type="INSTRUCTION" missed="9" covered="0"/><counter type="BRANCH" missed="2" covered="0"/><counter type="LINE" missed="3" covered="0"/><counter type="COMPLEXITY" missed="2" covered="0"/><counter type="METHOD" missed="1" covered="0"/></method><method name="processDirs0" desc="(Ljava/nio/file/Path;Ljava/util/function/Consumer;)V" line="256"><counter type="INSTRUCTION" missed="22" covered="0"/><counter type="BRANCH" missed="2" covered="0"/><counter type="LINE" missed="6" covered="0"/><counter type="COMPLEXITY" missed="2" covered="0"/><counter type="METHOD" missed="1" covered="0"/></method><method name="backtrackPath" desc="(Ljava/nio/file/Path;Ljava/lang/String;)Ljava/io/InputStream;" line="283"><counter type="INSTRUCTION" missed="5" covered="34"/><counter type="BRANCH" missed="5" covered="5"/><counter type="LINE" missed="1" covered="5"/><counter type="COMPLEXITY" missed="5" covered="1"/><counter type="METHOD" missed="0" covered="1"/></method><method name="lambda$processDirs0$0" desc="(Ljava/nio/file/Path;)Z" line="258"><counter type="INSTRUCTION" missed="5" covered="0"/><counter type="LINE" missed="1" covered="0"/><counter type="COMPLEXITY" missed="1" covered="0"/><counter type="METHOD" missed="1" covered="0"/></method><method name="&lt;clinit&gt;" desc="()V" line="60"><counter type="INSTRUCTION" missed="0" covered="4"/><counter type="LINE" missed="0" covered="1"/><counter type="COMPLEXITY" missed="0" covered="1"/><counter type="METHOD" missed="0" covered="1"/></method><counter type="INSTRUCTION" missed="190" covered="48"/><counter type="BRANCH" missed="36" covered="6"/><counter type="LINE" missed="40" covered="8"/><counter type="COMPLEXITY" missed="35" covered="3"/><counter type="METHOD" missed="14" covered="3"/><counter type="CLASS" missed="0" covered="1"/></class><class name="io/github/weblegacy/tlddoc/WarTagDirImplicitTagLibrary" sourcefilename="WarTagDirImplicitTagLibrary.java"><method name="&lt;init&gt;" desc="(Ljava/nio/file/Path;Ljava/lang/String;)V" line="59"><counter type="INSTRUCTION" missed="5" covered="0"/><counter type="LINE" missed="2" covered="0"/><counter type="COMPLEXITY" missed="1" covered="0"/><counter type="METHOD" missed="1" covered="0"/></method><method name="getTldDocument" desc="(Ljavax/xml/parsers/DocumentBuilder;)Lorg/w3c/dom/Document;" line="69"><counter type="INSTRUCTION" missed="79" covered="0"/><counter type="BRANCH" missed="12" covered="0"/><counter type="LINE" missed="19" covered="0"/><counter type="COMPLEXITY" missed="7" covered="0"/><counter type="METHOD" missed="1" covered="0"/></method><counter type="INSTRUCTION" missed="84" covered="0"/><counter type="BRANCH" missed="12" covered="0"/><counter type="LINE" missed="21" covered="0"/><counter type="COMPLEXITY" missed="8" covered="0"/><counter type="METHOD" missed="2" covered="0"/><counter type="CLASS" missed="1" covered="0"/></class><class name="io/github/weblegacy/tlddoc/WarJarTldFileTagLibrary" sourcefilename="WarJarTldFileTagLibrary.java"><method name="&lt;init&gt;" desc="(Ljava/nio/file/Path;Ljava/lang/String;Ljava/lang/String;)V" line="60"><counter type="INSTRUCTION" missed="8" covered="0"/><counter type="LINE" missed="3" covered="0"/><counter type="COMPLEXITY" missed="1" covered="0"/><counter type="METHOD" missed="1" covered="0"/></method><method name="getPathDescription" desc="()Ljava/lang/String;" line="69"><counter type="INSTRUCTION" missed="10" covered="0"/><counter type="LINE" missed="1" covered="0"/><counter type="COMPLEXITY" missed="1" covered="0"/><counter type="METHOD" missed="1" covered="0"/></method><method name="getInputStream" desc="(Ljava/lang/String;)Ljava/io/InputStream;" line="84"><counter type="INSTRUCTION" missed="22" covered="0"/><counter type="BRANCH" missed="4" covered="0"/><counter type="LINE" missed="5" covered="0"/><counter type="COMPLEXITY" missed="3" covered="0"/><counter type="METHOD" missed="1" covered="0"/></method><counter type="INSTRUCTION" missed="40" covered="0"/><counter type="BRANCH" missed="4" covered="0"/><counter type="LINE" missed="9" covered="0"/><counter type="COMPLEXITY" missed="5" covered="0"/><counter type="METHOD" missed="3" covered="0"/><counter type="CLASS" missed="1" covered="0"/></class><class name="io/github/weblegacy/tlddoc/WarJarTagLibrary" sourcefilename="WarJarTagLibrary.java"><method name="&lt;init&gt;" desc="(Ljava/nio/file/Path;Ljava/lang/String;)V" line="61"><counter type="INSTRUCTION" missed="12" covered="0"/><counter type="LINE" missed="5" covered="0"/><counter type="COMPLEXITY" missed="1" covered="0"/><counter type="METHOD" missed="1" covered="0"/></method><method name="getPathDescription" desc="()Ljava/lang/String;" line="84"><counter type="INSTRUCTION" missed="8" covered="0"/><counter type="LINE" missed="1" covered="0"/><counter type="COMPLEXITY" missed="1" covered="0"/><counter type="METHOD" missed="1" covered="0"/></method><method name="getResource" desc="(Ljava/lang/String;)Ljava/io/InputStream;" line="92"><counter type="INSTRUCTION" missed="12" covered="0"/><counter type="BRANCH" missed="2" covered="0"/><counter type="LINE" missed="3" covered="0"/><counter type="COMPLEXITY" missed="2" covered="0"/><counter type="METHOD" missed="1" covered="0"/></method><method name="getTldDocument" desc="(Ljavax/xml/parsers/DocumentBuilder;)Lorg/w3c/dom/Document;" line="106"><counter type="INSTRUCTION" missed="21" covered="0"/><counter type="BRANCH" missed="6" covered="0"/><counter type="LINE" missed="5" covered="0"/><counter type="COMPLEXITY" missed="4" covered="0"/><counter type="METHOD" missed="1" covered="0"/></method><method name="getInputStream" desc="(Ljava/lang/String;)Ljava/io/InputStream;" line="125"><counter type="INSTRUCTION" missed="16" covered="0"/><counter type="BRANCH" missed="2" covered="0"/><counter type="LINE" missed="3" covered="0"/><counter type="COMPLEXITY" missed="2" covered="0"/><counter type="METHOD" missed="1" covered="0"/></method><method name="getWarJar" desc="()Ljava/nio/file/Path;" line="136"><counter type="INSTRUCTION" missed="3" covered="0"/><counter type="LINE" missed="1" covered="0"/><counter type="COMPLEXITY" missed="1" covered="0"/><counter type="METHOD" missed="1" covered="0"/></method><method name="getWarJarFile" desc="()Ljava/util/jar/JarFile;" line="145"><counter type="INSTRUCTION" missed="3" covered="0"/><counter type="LINE" missed="1" covered="0"/><counter type="COMPLEXITY" missed="1" covered="0"/><counter type="METHOD" missed="1" covered="0"/></method><method name="getEntry" desc="()Ljava/lang/String;" line="154"><counter type="INSTRUCTION" missed="3" covered="0"/><counter type="LINE" missed="1" covered="0"/><counter type="COMPLEXITY" missed="1" covered="0"/><counter type="METHOD" missed="1" covered="0"/></method><method name="ensureOpen" desc="()V" line="163"><counter type="INSTRUCTION" missed="12" covered="0"/><counter type="BRANCH" missed="2" covered="0"/><counter type="LINE" missed="3" covered="0"/><counter type="COMPLEXITY" missed="2" covered="0"/><counter type="METHOD" missed="1" covered="0"/></method><method name="close" desc="()V" line="173"><counter type="INSTRUCTION" missed="11" covered="0"/><counter type="BRANCH" missed="2" covered="0"/><counter type="LINE" missed="5" covered="0"/><counter type="COMPLEXITY" missed="2" covered="0"/><counter type="METHOD" missed="1" covered="0"/></method><counter type="INSTRUCTION" missed="101" covered="0"/><counter type="BRANCH" missed="14" covered="0"/><counter type="LINE" missed="28" covered="0"/><counter type="COMPLEXITY" missed="17" covered="0"/><counter type="METHOD" missed="10" covered="0"/><counter type="CLASS" missed="1" covered="0"/></class><class name="io/github/weblegacy/tlddoc/TagDirImplicitTagLibrary" sourcefilename="TagDirImplicitTagLibrary.java"><method name="&lt;init&gt;" desc="(Ljava/nio/file/Path;)V" line="72"><counter type="INSTRUCTION" missed="6" covered="0"/><counter type="LINE" missed="3" covered="0"/><counter type="COMPLEXITY" missed="1" covered="0"/><counter type="METHOD" missed="1" covered="0"/></method><method name="getPathDescription" desc="()Ljava/lang/String;" line="81"><counter type="INSTRUCTION" missed="5" covered="0"/><counter type="LINE" missed="1" covered="0"/><counter type="COMPLEXITY" missed="1" covered="0"/><counter type="METHOD" missed="1" covered="0"/></method><method name="getResource" desc="(Ljava/lang/String;)Ljava/io/InputStream;" line="89"><counter type="INSTRUCTION" missed="5" covered="0"/><counter type="LINE" missed="1" covered="0"/><counter type="COMPLEXITY" missed="1" covered="0"/><counter type="METHOD" missed="1" covered="0"/></method><method name="getTldDocument" desc="(Ljavax/xml/parsers/DocumentBuilder;)Lorg/w3c/dom/Document;" line="99"><counter type="INSTRUCTION" missed="79" covered="0"/><counter type="BRANCH" missed="8" covered="0"/><counter type="LINE" missed="21" covered="0"/><counter type="COMPLEXITY" missed="5" covered="0"/><counter type="METHOD" missed="1" covered="0"/></method><method name="createRootTaglibNode" desc="(Lorg/w3c/dom/Document;Ljava/lang/String;)Lorg/w3c/dom/Element;" line="153"><counter type="INSTRUCTION" missed="137" covered="0"/><counter type="BRANCH" missed="9" covered="0"/><counter type="LINE" missed="32" covered="0"/><counter type="COMPLEXITY" missed="6" covered="0"/><counter type="METHOD" missed="1" covered="0"/></method><method name="createTagEntry" desc="(Lorg/w3c/dom/Document;Ljava/lang/String;Ljava/lang/String;Lorg/w3c/dom/Element;)V" line="232"><counter type="INSTRUCTION" missed="37" covered="0"/><counter type="LINE" missed="9" covered="0"/><counter type="COMPLEXITY" missed="1" covered="0"/><counter type="METHOD" missed="1" covered="0"/></method><method name="recreateDocument" desc="(Ljavax/xml/parsers/DocumentBuilder;Lorg/w3c/dom/Document;)Lorg/w3c/dom/Document;" line="266"><counter type="INSTRUCTION" missed="28" covered="0"/><counter type="LINE" missed="4" covered="0"/><counter type="COMPLEXITY" missed="1" covered="0"/><counter type="METHOD" missed="1" covered="0"/></method><method name="close" desc="()V" line="279"><counter type="INSTRUCTION" missed="1" covered="0"/><counter type="LINE" missed="1" covered="0"/><counter type="COMPLEXITY" missed="1" covered="0"/><counter type="METHOD" missed="1" covered="0"/></method><counter type="INSTRUCTION" missed="298" covered="0"/><counter type="BRANCH" missed="17" covered="0"/><counter type="LINE" missed="72" covered="0"/><counter type="COMPLEXITY" missed="17" covered="0"/><counter type="METHOD" missed="8" covered="0"/><counter type="CLASS" missed="1" covered="0"/></class><class name="io/github/weblegacy/tlddoc/JarTldFileTagLibrary" sourcefilename="JarTldFileTagLibrary.java"><method name="&lt;init&gt;" desc="(Ljava/nio/file/Path;Ljava/lang/String;)V" line="50"><counter type="INSTRUCTION" missed="5" covered="0"/><counter type="LINE" missed="2" covered="0"/><counter type="COMPLEXITY" missed="1" covered="0"/><counter type="METHOD" missed="1" covered="0"/></method><counter type="INSTRUCTION" missed="5" covered="0"/><counter type="LINE" missed="2" covered="0"/><counter type="COMPLEXITY" missed="1" covered="0"/><counter type="METHOD" missed="1" covered="0"/><counter type="CLASS" missed="1" covered="0"/></class><class name="io/github/weblegacy/tlddoc/TldFileTagLibrary" sourcefilename="TldFileTagLibrary.java"><method name="&lt;init&gt;" desc="(Ljava/nio/file/Path;)V" line="63"><counter type="INSTRUCTION" missed="0" covered="6"/><counter type="LINE" missed="0" covered="3"/><counter type="COMPLEXITY" missed="0" covered="1"/><counter type="METHOD" missed="0" covered="1"/></method><method name="getPathDescription" desc="()Ljava/lang/String;" line="72"><counter type="INSTRUCTION" missed="5" covered="0"/><counter type="LINE" missed="1" covered="0"/><counter type="COMPLEXITY" missed="1" covered="0"/><counter type="METHOD" missed="1" covered="0"/></method><method name="getTldDocument" desc="(Ljavax/xml/parsers/DocumentBuilder;)Lorg/w3c/dom/Document;" line="82"><counter type="INSTRUCTION" missed="0" covered="17"/><counter type="LINE" missed="0" covered="3"/><counter type="COMPLEXITY" missed="0" covered="1"/><counter type="METHOD" missed="0" covered="1"/></method><method name="getResource" desc="(Ljava/lang/String;)Ljava/io/InputStream;" line="93"><counter type="INSTRUCTION" missed="0" covered="6"/><counter type="LINE" missed="0" covered="1"/><counter type="COMPLEXITY" missed="0" covered="1"/><counter type="METHOD" missed="0" covered="1"/></method><method name="close" desc="()V" line="102"><counter type="INSTRUCTION" missed="0" covered="1"/><counter type="LINE" missed="0" covered="1"/><counter type="COMPLEXITY" missed="0" covered="1"/><counter type="METHOD" missed="0" covered="1"/></method><counter type="INSTRUCTION" missed="5" covered="30"/><counter type="LINE" missed="1" covered="8"/><counter type="COMPLEXITY" missed="1" covered="4"/><counter type="METHOD" missed="1" covered="4"/><counter type="CLASS" missed="0" covered="1"/></class><class name="io/github/weblegacy/tlddoc/Constants" sourcefilename="Constants.java"/><class name="io/github/weblegacy/tlddoc/Version" sourcefilename="Version.java"/><sourcefile name="TldFileTagLibrary.java"><line nr="63" mi="0" ci="2" mb="0" cb="0"/><line nr="64" mi="0" ci="3" mb="0" cb="0"/><line nr="65" mi="0" ci="1" mb="0" cb="0"/><line nr="72" mi="5" ci="0" mb="0" cb="0"/><line nr="82" mi="0" ci="6" mb="0" cb="0"/><line nr="83" mi="0" ci="5" mb="0" cb="0"/><line nr="84" mi="0" ci="6" mb="0" cb="0"/><line nr="93" mi="0" ci="6" mb="0" cb="0"/><line nr="102" mi="0" ci="1" mb="0" cb="0"/><counter type="INSTRUCTION" missed="5" covered="30"/><counter type="LINE" missed="1" covered="8"/><counter type="COMPLEXITY" missed="1" covered="4"/><counter type="METHOD" missed="1" covered="4"/><counter type="CLASS" missed="0" covered="1"/></sourcefile><sourcefile name="WarJarTagLibrary.java"><line nr="61" mi="3" ci="0" mb="0" cb="0"/><line nr="74" mi="2" ci="0" mb="0" cb="0"/><line nr="75" mi="3" ci="0" mb="0" cb="0"/><line nr="76" mi="3" ci="0" mb="0" cb="0"/><line nr="77" mi="1" ci="0" mb="0" cb="0"/><line nr="84" mi="8" ci="0" mb="0" cb="0"/><line nr="92" mi="4" ci="0" mb="2" cb="0"/><line nr="93" mi="4" ci="0" mb="0" cb="0"/><line nr="96" mi="4" ci="0" mb="0" cb="0"/><line nr="106" mi="5" ci="0" mb="0" cb="0"/><line nr="107" mi="4" ci="0" mb="4" cb="0"/><line nr="108" mi="6" ci="0" mb="0" cb="0"/><line nr="110" mi="4" ci="0" mb="2" cb="0"/><line nr="112" mi="2" ci="0" mb="0" cb="0"/><line nr="125" mi="2" ci="0" mb="0" cb="0"/><line nr="126" mi="5" ci="0" mb="0" cb="0"/><line nr="127" mi="9" ci="0" mb="2" cb="0"/><line nr="136" mi="3" ci="0" mb="0" cb="0"/><line nr="145" mi="3" ci="0" mb="0" cb="0"/><line nr="154" mi="3" ci="0" mb="0" cb="0"/><line nr="163" mi="3" ci="0" mb="2" cb="0"/><line nr="164" mi="8" ci="0" mb="0" cb="0"/><line nr="166" mi="1" ci="0" mb="0" cb="0"/><line nr="173" mi="3" ci="0" mb="2" cb="0"/><line nr="174" mi="1" ci="0" mb="0" cb="0"/><line nr="178" mi="3" ci="0" mb="0" cb="0"/><line nr="180" mi="3" ci="0" mb="0" cb="0"/><line nr="182" mi="1" ci="0" mb="0" cb="0"/><counter type="INSTRUCTION" missed="101" covered="0"/><counter type="BRANCH" missed="14" covered="0"/><counter type="LINE" missed="28" covered="0"/><counter type="COMPLEXITY" missed="17" covered="0"/><counter type="METHOD" missed="10" covered="0"/><counter type="CLASS" missed="1" covered="0"/></sourcefile><sourcefile name="WarJarTldFileTagLibrary.java"><line nr="60" mi="4" ci="0" mb="0" cb="0"/><line nr="61" mi="3" ci="0" mb="0" cb="0"/><line nr="62" mi="1" ci="0" mb="0" cb="0"/><line nr="69" mi="10" ci="0" mb="0" cb="0"/><line nr="84" mi="8" ci="0" mb="0" cb="0"/><line nr="88" mi="5" ci="0" mb="2" cb="0"/><line nr="89" mi="5" ci="0" mb="2" cb="0"/><line nr="90" mi="2" ci="0" mb="0" cb="0"/><line nr="94" mi="2" ci="0" mb="0" cb="0"/><counter type="INSTRUCTION" missed="40" covered="0"/><counter type="BRANCH" missed="4" covered="0"/><counter type="LINE" missed="9" covered="0"/><counter type="COMPLEXITY" missed="5" covered="0"/><counter type="METHOD" missed="3" covered="0"/><counter type="CLASS" missed="1" covered="0"/></sourcefile><sourcefile name="Constants.java"/><sourcefile name="JarTldFileTagLibrary.java"><line nr="50" mi="4" ci="0" mb="0" cb="0"/><line nr="51" mi="1" ci="0" mb="0" cb="0"/><counter type="INSTRUCTION" missed="5" covered="0"/><counter type="LINE" missed="2" covered="0"/><counter type="COMPLEXITY" missed="1" covered="0"/><counter type="METHOD" missed="1" covered="0"/><counter type="CLASS" missed="1" covered="0"/></sourcefile><sourcefile name="Version.java"/><sourcefile name="Utils.java"><line nr="60" mi="0" ci="4" mb="0" cb="0"/><line nr="70" mi="3" ci="0" mb="0" cb="0"/><line nr="71" mi="16" ci="0" mb="6" cb="0"/><line nr="83" mi="5" ci="0" mb="0" cb="0"/><line nr="94" mi="3" ci="0" mb="0" cb="0"/><line nr="95" mi="4" ci="0" mb="0" cb="0"/><line nr="97" mi="3" ci="0" mb="0" cb="0"/><line nr="98" mi="4" ci="0" mb="2" cb="0"/><line nr="99" mi="5" ci="0" mb="0" cb="0"/><line nr="102" mi="2" ci="0" mb="0" cb="0"/><line nr="113" mi="0" ci="3" mb="0" cb="0"/><line nr="114" mi="2" ci="7" mb="1" cb="1"/><line nr="125" mi="5" ci="0" mb="2" cb="0"/><line nr="126" mi="2" ci="0" mb="0" cb="0"/><line nr="129" mi="3" ci="0" mb="0" cb="0"/><line nr="130" mi="12" ci="0" mb="4" cb="0"/><line nr="141" mi="4" ci="0" mb="0" cb="0"/><line nr="142" mi="12" ci="0" mb="4" cb="0"/><line nr="153" mi="5" ci="0" mb="0" cb="0"/><line nr="164" mi="6" ci="0" mb="0" cb="0"/><line nr="175" mi="5" ci="0" mb="0" cb="0"/><line nr="186" mi="6" ci="0" mb="0" cb="0"/><line nr="201" mi="5" ci="0" mb="2" cb="0"/><line nr="202" mi="4" ci="0" mb="0" cb="0"/><line nr="204" mi="1" ci="0" mb="0" cb="0"/><line nr="218" mi="3" ci="0" mb="0" cb="0"/><line nr="219" mi="10" ci="0" mb="2" cb="0"/><line nr="220" mi="5" ci="0" mb="2" cb="0"/><line nr="221" mi="5" ci="0" mb="0" cb="0"/><line nr="222" mi="4" ci="0" mb="2" cb="0"/><line nr="223" mi="3" ci="0" mb="0" cb="0"/><line nr="225" mi="1" ci="0" mb="0" cb="0"/><line nr="227" mi="1" ci="0" mb="0" cb="0"/><line nr="240" mi="5" ci="0" mb="2" cb="0"/><line nr="241" mi="3" ci="0" mb="0" cb="0"/><line nr="243" mi="1" ci="0" mb="0" cb="0"/><line nr="256" mi="3" ci="0" mb="0" cb="0"/><line nr="258" mi="9" ci="0" mb="0" cb="0"/><line nr="259" mi="10" ci="0" mb="2" cb="0"/><line nr="260" mi="3" ci="0" mb="0" cb="0"/><line nr="261" mi="1" ci="0" mb="0" cb="0"/><line nr="263" mi="1" ci="0" mb="0" cb="0"/><line nr="283" mi="0" ci="4" mb="1" cb="1"/><line nr="284" mi="0" ci="4" mb="0" cb="0"/><line nr="287" mi="0" ci="2" mb="0" cb="0"/><line nr="288" mi="0" ci="11" mb="2" cb="2"/><line nr="289" mi="4" ci="0" mb="0" cb="0"/><line nr="292" mi="1" ci="13" mb="2" cb="2"/><counter type="INSTRUCTION" missed="190" covered="48"/><counter type="BRANCH" missed="36" covered="6"/><counter type="LINE" missed="40" covered="8"/><counter type="COMPLEXITY" missed="35" covered="3"/><counter type="METHOD" missed="14" covered="3"/><counter type="CLASS" missed="0" covered="1"/></sourcefile><sourcefile name="WarTagDirImplicitTagLibrary.java"><line nr="59" mi="4" ci="0" mb="0" cb="0"/><line nr="60" mi="1" ci="0" mb="0" cb="0"/><line nr="69" mi="3" ci="0" mb="0" cb="0"/><line nr="72" mi="3" ci="0" mb="0" cb="0"/><line nr="73" mi="4" ci="0" mb="2" cb="0"/><line nr="74" mi="3" ci="0" mb="0" cb="0"/><line nr="77" mi="5" ci="0" mb="0" cb="0"/><line nr="87" mi="2" ci="0" mb="0" cb="0"/><line nr="88" mi="4" ci="0" mb="0" cb="0"/><line nr="89" mi="3" ci="0" mb="2" cb="0"/><line nr="90" mi="4" ci="0" mb="0" cb="0"/><line nr="91" mi="3" ci="0" mb="0" cb="0"/><line nr="92" mi="7" ci="0" mb="4" cb="0"/><line nr="93" mi="5" ci="0" mb="0" cb="0"/><line nr="94" mi="5" ci="0" mb="0" cb="0"/><line nr="95" mi="8" ci="0" mb="4" cb="0"/><line nr="97" mi="7" ci="0" mb="0" cb="0"/><line nr="98" mi="3" ci="0" mb="0" cb="0"/><line nr="100" mi="5" ci="0" mb="0" cb="0"/><line nr="104" mi="1" ci="0" mb="0" cb="0"/><line nr="106" mi="4" ci="0" mb="0" cb="0"/><counter type="INSTRUCTION" missed="84" covered="0"/><counter type="BRANCH" missed="12" covered="0"/><counter type="LINE" missed="21" covered="0"/><counter type="COMPLEXITY" missed="8" covered="0"/><counter type="METHOD" missed="2" covered="0"/><counter type="CLASS" missed="1" covered="0"/></sourcefile><sourcefile name="TagDirImplicitTagLibrary.java"><line nr="72" mi="2" ci="0" mb="0" cb="0"/><line nr="73" mi="3" ci="0" mb="0" cb="0"/><line nr="74" mi="1" ci="0" mb="0" cb="0"/><line nr="81" mi="5" ci="0" mb="0" cb="0"/><line nr="89" mi="5" ci="0" mb="0" cb="0"/><line nr="99" mi="3" ci="0" mb="0" cb="0"/><line nr="103" mi="4" ci="0" mb="0" cb="0"/><line nr="104" mi="4" ci="0" mb="0" cb="0"/><line nr="105" mi="3" ci="0" mb="2" cb="0"/><line nr="106" mi="5" ci="0" mb="0" cb="0"/><line nr="108" mi="2" ci="0" mb="0" cb="0"/><line nr="110" mi="4" ci="0" mb="2" cb="0"/><line nr="111" mi="3" ci="0" mb="0" cb="0"/><line nr="115" mi="4" ci="0" mb="0" cb="0"/><line nr="124" mi="2" ci="0" mb="0" cb="0"/><line nr="125" mi="5" ci="0" mb="0" cb="0"/><line nr="126" mi="10" ci="0" mb="2" cb="0"/><line nr="127" mi="3" ci="0" mb="0" cb="0"/><line nr="128" mi="2" ci="0" mb="2" cb="0"/><line nr="129" mi="1" ci="0" mb="0" cb="0"/><line nr="132" mi="3" ci="0" mb="0" cb="0"/><line nr="133" mi="7" ci="0" mb="0" cb="0"/><line nr="134" mi="4" ci="0" mb="0" cb="0"/><line nr="136" mi="5" ci="0" mb="0" cb="0"/><line nr="137" mi="1" ci="0" mb="0" cb="0"/><line nr="140" mi="4" ci="0" mb="0" cb="0"/><line nr="153" mi="5" ci="0" mb="0" cb="0"/><line nr="155" mi="5" ci="0" mb="0" cb="0"/><line nr="157" mi="5" ci="0" mb="0" cb="0"/><line nr="159" mi="5" ci="0" mb="0" cb="0"/><line nr="164" mi="4" ci="0" mb="0" cb="0"/><line nr="165" mi="4" ci="0" mb="0" cb="0"/><line nr="168" mi="4" ci="0" mb="0" cb="0"/><line nr="169" mi="7" ci="0" mb="0" cb="0"/><line nr="171" mi="4" ci="0" mb="0" cb="0"/><line nr="174" mi="4" ci="0" mb="0" cb="0"/><line nr="175" mi="6" ci="0" mb="0" cb="0"/><line nr="176" mi="4" ci="0" mb="0" cb="0"/><line nr="186" mi="8" ci="0" mb="3" cb="0"/><line nr="188" mi="2" ci="0" mb="0" cb="0"/><line nr="189" mi="1" ci="0" mb="0" cb="0"/><line nr="192" mi="2" ci="0" mb="0" cb="0"/><line nr="193" mi="1" ci="0" mb="0" cb="0"/><line nr="195" mi="2" ci="0" mb="0" cb
[...]
"1"/><line nr="882" mi="2" ci="0" mb="0" cb="0"/><line nr="883" mi="0" ci="4" mb="0" cb="2"/><line nr="885" mi="0" ci="5" mb="0" cb="0"/><line nr="888" mi="0" ci="6" mb="1" cb="2"/><line nr="891" mi="0" ci="6" mb="1" cb="1"/><line nr="893" mi="3" ci="0" mb="2" cb="0"/><line nr="894" mi="2" ci="0" mb="0" cb="0"/><line nr="895" mi="4" ci="0" mb="0" cb="0"/><line nr="897" mi="0" ci="6" mb="1" cb="1"/><line nr="899" mi="0" ci="3" mb="1" cb="1"/><line nr="900" mi="0" ci="3" mb="0" cb="0"/><line nr="904" mi="0" ci="6" mb="0" cb="2"/><line nr="905" mi="0" ci="1" mb="0" cb="0"/><line nr="906" mi="0" ci="2" mb="0" cb="0"/><line nr="907" mi="0" ci="3" mb="0" cb="0"/><line nr="908" mi="0" ci="1" mb="0" cb="0"/><line nr="911" mi="0" ci="3" mb="1" cb="1"/><line nr="912" mi="0" ci="1" mb="0" cb="0"/><line nr="913" mi="0" ci="4" mb="1" cb="1"/><line nr="915" mi="0" ci="7" mb="0" cb="0"/><line nr="918" mi="0" ci="6" mb="1" cb="1"/><line nr="922" mi="0" ci="6" mb="1" cb="1"/><line nr="923" mi="1" ci="0" mb="0" cb="0"/><line nr="924" mi="0" ci="2" mb="0" cb="0"/><line nr="925" mi="0" ci="3" mb="0" cb="0"/><line nr="926" mi="0" ci="1" mb="0" cb="0"/><line nr="929" mi="0" ci="3" mb="1" cb="1"/><line nr="930" mi="0" ci="1" mb="0" cb="0"/><line nr="933" mi="7" ci="0" mb="0" cb="0"/><line nr="934" mi="7" ci="0" mb="0" cb="0"/><line nr="937" mi="6" ci="0" mb="0" cb="0"/><line nr="941" mi="3" ci="0" mb="2" cb="0"/><line nr="943" mi="0" ci="3" mb="0" cb="2"/><line nr="945" mi="0" ci="3" mb="0" cb="0"/><line nr="946" mi="0" ci="3" mb="0" cb="0"/><line nr="947" mi="0" ci="2" mb="0" cb="0"/><line nr="949" mi="0" ci="1" mb="0" cb="0"/><line nr="950" mi="0" ci="13" mb="0" cb="2"/><line nr="951" mi="0" ci="2" mb="0" cb="0"/><line nr="952" mi="0" ci="5" mb="0" cb="0"/><line nr="953" mi="3" ci="1" mb="0" cb="0"/><line nr="958" mi="0" ci="5" mb="0" cb="0"/><line nr="962" mi="0" ci="2" mb="0" cb="0"/><line nr="963" mi="0" ci="3" mb="0" cb="0"/><line nr="964" mi="0" ci="2" mb="0" cb="0"/><line nr="965" mi="0" ci="5" mb="0" cb="0"/><line nr="966" mi="0" ci="2" mb="0" cb="0"/><line nr="969" mi="0" ci="9" mb="1" cb="1"/><line nr="970" mi="2" ci="0" mb="0" cb="0"/><line nr="971" mi="0" ci="4" mb="0" cb="2"/><line nr="973" mi="0" ci="5" mb="0" cb="0"/><line nr="976" mi="0" ci="6" mb="2" cb="1"/><line nr="979" mi="6" ci="0" mb="2" cb="0"/><line nr="981" mi="3" ci="0" mb="2" cb="0"/><line nr="982" mi="2" ci="0" mb="0" cb="0"/><line nr="983" mi="4" ci="0" mb="0" cb="0"/><line nr="985" mi="6" ci="0" mb="2" cb="0"/><line nr="987" mi="3" ci="0" mb="2" cb="0"/><line nr="988" mi="3" ci="0" mb="0" cb="0"/><line nr="992" mi="0" ci="6" mb="1" cb="1"/><line nr="993" mi="0" ci="1" mb="0" cb="0"/><line nr="994" mi="2" ci="0" mb="0" cb="0"/><line nr="995" mi="3" ci="0" mb="0" cb="0"/><line nr="996" mi="1" ci="0" mb="0" cb="0"/><line nr="999" mi="0" ci="3" mb="1" cb="1"/><line nr="1000" mi="0" ci="1" mb="0" cb="0"/><line nr="1001" mi="0" ci="4" mb="1" cb="1"/><line nr="1003" mi="0" ci="7" mb="0" cb="0"/><line nr="1006" mi="0" ci="6" mb="1" cb="1"/><line nr="1010" mi="0" ci="6" mb="1" cb="1"/><line nr="1011" mi="1" ci="0" mb="0" cb="0"/><line nr="1012" mi="0" ci="2" mb="0" cb="0"/><line nr="1013" mi="0" ci="3" mb="0" cb="0"/><line nr="1014" mi="0" ci="1" mb="0" cb="0"/><line nr="1017" mi="0" ci="3" mb="1" cb="1"/><line nr="1018" mi="0" ci="1" mb="0" cb="0"/><line nr="1021" mi="7" ci="0" mb="0" cb="0"/><line nr="1022" mi="7" ci="0" mb="0" cb="0"/><line nr="1025" mi="6" ci="0" mb="0" cb="0"/><line nr="1029" mi="3" ci="0" mb="2" cb="0"/><line nr="1031" mi="0" ci="3" mb="0" cb="2"/><line nr="1033" mi="0" ci="3" mb="0" cb="0"/><line nr="1034" mi="0" ci="3" mb="0" cb="0"/><line nr="1035" mi="0" ci="2" mb="0" cb="0"/><line nr="1037" mi="0" ci="1" mb="0" cb="0"/><line nr="1038" mi="0" ci="13" mb="0" cb="2"/><line nr="1039" mi="0" ci="2" mb="0" cb="0"/><line nr="1040" mi="0" ci="5" mb="0" cb="0"/><line nr="1041" mi="3" ci="1" mb="0" cb="0"/><line nr="1045" mi="2" ci="0" mb="0" cb="0"/><line nr="1048" mi="2" ci="0" mb="0" cb="0"/><line nr="1052" mi="10" ci="0" mb="0" cb="0"/><line nr="1055" mi="0" ci="3" mb="0" cb="2"/><line nr="1058" mi="0" ci="5" mb="0" cb="0"/><line nr="1060" mi="0" ci="5" mb="0" cb="0"/><line nr="1065" mi="0" ci="2" mb="0" cb="0"/><line nr="1066" mi="0" ci="3" mb="0" cb="0"/><line nr="1067" mi="0" ci="2" mb="0" cb="0"/><line nr="1068" mi="0" ci="5" mb="0" cb="0"/><line nr="1069" mi="0" ci="2" mb="0" cb="0"/><line nr="1072" mi="0" ci="9" mb="1" cb="1"/><line nr="1073" mi="2" ci="0" mb="0" cb="0"/><line nr="1074" mi="0" ci="4" mb="0" cb="2"/><line nr="1076" mi="0" ci="5" mb="0" cb="0"/><line nr="1079" mi="0" ci="6" mb="3" cb="2"/><line nr="1082" mi="6" ci="0" mb="2" cb="0"/><line nr="1084" mi="3" ci="0" mb="2" cb="0"/><line nr="1085" mi="2" ci="0" mb="0" cb="0"/><line nr="1086" mi="4" ci="0" mb="0" cb="0"/><line nr="1088" mi="6" ci="0" mb="2" cb="0"/><line nr="1090" mi="3" ci="0" mb="2" cb="0"/><line nr="1091" mi="3" ci="0" mb="0" cb="0"/><line nr="1095" mi="0" ci="6" mb="0" cb="2"/><line nr="1096" mi="0" ci="1" mb="0" cb="0"/><line nr="1097" mi="0" ci="3" mb="1" cb="1"/><line nr="1098" mi="0" ci="2" mb="0" cb="0"/><line nr="1099" mi="0" ci="4" mb="0" cb="0"/><line nr="1100" mi="0" ci="1" mb="0" cb="0"/><line nr="1102" mi="4" ci="0" mb="2" cb="0"/><line nr="1103" mi="1" ci="0" mb="0" cb="0"/><line nr="1104" mi="3" ci="0" mb="2" cb="0"/><line nr="1105" mi="2" ci="0" mb="0" cb="0"/><line nr="1106" mi="4" ci="0" mb="0" cb="0"/><line nr="1107" mi="1" ci="0" mb="0" cb="0"/><line nr="1109" mi="4" ci="0" mb="2" cb="0"/><line nr="1110" mi="1" ci="0" mb="0" cb="0"/><line nr="1111" mi="2" ci="0" mb="0" cb="0"/><line nr="1112" mi="4" ci="0" mb="0" cb="0"/><line nr="1113" mi="1" ci="0" mb="0" cb="0"/><line nr="1116" mi="0" ci="3" mb="0" cb="2"/><line nr="1117" mi="0" ci="1" mb="0" cb="0"/><line nr="1118" mi="0" ci="4" mb="1" cb="1"/><line nr="1120" mi="0" ci="7" mb="0" cb="0"/><line nr="1123" mi="0" ci="6" mb="2" cb="3"/><line nr="1126" mi="0" ci="6" mb="1" cb="1"/><line nr="1128" mi="0" ci="3" mb="1" cb="1"/><line nr="1129" mi="0" ci="2" mb="0" cb="0"/><line nr="1130" mi="0" ci="5" mb="0" cb="0"/><line nr="1132" mi="4" ci="0" mb="2" cb="0"/><line nr="1133" mi="5" ci="0" mb="0" cb="0"/><line nr="1136" mi="0" ci="6" mb="1" cb="1"/><line nr="1137" mi="1" ci="0" mb="0" cb="0"/><line nr="1138" mi="0" ci="2" mb="0" cb="0"/><line nr="1139" mi="0" ci="4" mb="0" cb="0"/><line nr="1140" mi="0" ci="1" mb="0" cb="0"/><line nr="1142" mi="0" ci="4" mb="1" cb="1"/><line nr="1143" mi="5" ci="0" mb="0" cb="0"/><line nr="1146" mi="4" ci="0" mb="2" cb="0"/><line nr="1147" mi="1" ci="0" mb="0" cb="0"/><line nr="1148" mi="3" ci="0" mb="2" cb="0"/><line nr="1149" mi="2" ci="0" mb="0" cb="0"/><line nr="1150" mi="4" ci="0" mb="0" cb="0"/><line nr="1151" mi="1" ci="0" mb="0" cb="0"/><line nr="1154" mi="0" ci="3" mb="0" cb="2"/><line nr="1155" mi="0" ci="1" mb="0" cb="0"/><line nr="1158" mi="7" ci="0" mb="0" cb="0"/><line nr="1159" mi="7" ci="0" mb="0" cb="0"/><line nr="1162" mi="6" ci="0" mb="2" cb="0"/><line nr="1166" mi="8" ci="0" mb="2" cb="0"/><line nr="1167" mi="1" ci="0" mb="0" cb="0"/><line nr="1168" mi="3" ci="0" mb="2" cb="0"/><line nr="1169" mi="2" ci="0" mb="0" cb="0"/><line nr="1170" mi="4" ci="0" mb="0" cb="0"/><line nr="1171" mi="1" ci="0" mb="0" cb="0"/><line nr="1174" mi="3" ci="0" mb="2" cb="0"/><line nr="1176" mi="0" ci="3" mb="0" cb="2"/><line nr="1178" mi="0" ci="3" mb="0" cb="0"/><line nr="1179" mi="0" ci="3" mb="0" cb="0"/><line nr="1180" mi="0" ci="2" mb="0" cb="0"/><line nr="1182" mi="0" ci="1" mb="0" cb="0"/><line nr="1183" mi="0" ci="13" mb="0" cb="2"/><line nr="1184" mi="0" ci="2" mb="0" cb="0"/><line nr="1185" mi="0" ci="5" mb="0" cb="0"/><line nr="1186" mi="3" ci="1" mb="0" cb="0"/><line nr="1190" mi="2" ci="0" mb="0" cb="0"/><line nr="1193" mi="2" ci="0" mb="0" cb="0"/><line nr="1197" mi="10" ci="0" mb="0" cb="0"/><line nr="1200" mi="3" ci="0" mb="2" cb="0"/><line nr="1203" mi="5" ci="0" mb="0" cb="0"/><line nr="1205" mi="5" ci="0" mb="0" cb="0"/><line nr="1210" mi="2" ci="0" mb="0" cb="0"/><line nr="1211" mi="3" ci="0" mb="0" cb="0"/><line nr="1212" mi="2" ci="0" mb="0" cb="0"/><line nr="1213" mi="5" ci="0" mb="0" cb="0"/><line nr="1214" mi="2" ci="0" mb="0" cb="0"/><line nr="1217" mi="9" ci="0" mb="2" cb="0"/><line nr="1218" mi="2" ci="0" mb="0" cb="0"/><line nr="1219" mi="4" ci="0" mb="2" cb="0"/><line nr="1221" mi="5" ci="0" mb="0" cb="0"/><line nr="1224" mi="6" ci="0" mb="5" cb="0"/><line nr="1227" mi="6" ci="0" mb="2" cb="0"/><line nr="1229" mi="3" ci="0" mb="2" cb="0"/><line nr="1230" mi="2" ci="0" mb="0" cb="0"/><line nr="1231" mi="4" ci="0" mb="0" cb="0"/><line nr="1233" mi="6" ci="0" mb="2" cb="0"/><line nr="1235" mi="3" ci="0" mb="2" cb="0"/><line nr="1236" mi="3" ci="0" mb="0" cb="0"/><line nr="1240" mi="6" ci="0" mb="2" cb="0"/><line nr="1241" mi="1" ci="0" mb="0" cb="0"/><line nr="1242" mi="3" ci="0" mb="2" cb="0"/><line nr="1243" mi="2" ci="0" mb="0" cb="0"/><line nr="1244" mi="4" ci="0" mb="0" cb="0"/><line nr="1245" mi="1" ci="0" mb="0" cb="0"/><line nr="1247" mi="4" ci="0" mb="2" cb="0"/><line nr="1248" mi="1" ci="0" mb="0" cb="0"/><line nr="1249" mi="2" ci="0" mb="0" cb="0"/><line nr="1250" mi="4" ci="0" mb="0" cb="0"/><line nr="1251" mi="1" ci="0" mb="0" cb="0"/><line nr="1253" mi="4" ci="0" mb="2" cb="0"/><line nr="1254" mi="1" ci="0" mb="0" cb="0"/><line nr="1255" mi="3" ci="0" mb="2" cb="0"/><line nr="1256" mi="2" ci="0" mb="0" cb="0"/><line nr="1257" mi="4" ci="0" mb="0" cb="0"/><line nr="1258" mi="1" ci="0" mb="0" cb="0"/><line nr="1261" mi="3" ci="0" mb="2" cb="0"/><line nr="1262" mi="1" ci="0" mb="0" cb="0"/><line nr="1263" mi="4" ci="0" mb="2" cb="0"/><line nr="1265" mi="7" ci="0" mb="0" cb="0"/><line nr="1268" mi="6" ci="0" mb="5" cb="0"/><line nr="1271" mi="6" ci="0" mb="2" cb="0"/><line nr="1273" mi="3" ci="0" mb="2" cb="0"/><line nr="1274" mi="2" ci="0" mb="0" cb="0"/><line nr="1275" mi="5" ci="0" mb="0" cb="0"/><line nr="1277" mi="4" ci="0" mb="2" cb="0"/><line nr="1278" mi="5" ci="0" mb="0" cb="0"/><line nr="1281" mi="6" ci="0" mb="2" cb="0"/><line nr="1282" mi="1" ci="0" mb="0" cb="0"/><line nr="1283" mi="2" ci="0" mb="0" cb="0"/><line nr="1284" mi="4" ci="0" mb="0" cb="0"/><line nr="1285" mi="1" ci="0" mb="0" cb="0"/><line nr="1287" mi="4" ci="0" mb="2" cb="0"/><line nr="1288" mi="5" ci="0" mb="0" cb="0"/><line nr="1291" mi="4" ci="0" mb="2" cb="0"/><line nr="1292" mi="1" ci="0" mb="0" cb="0"/><line nr="1293" mi="3" ci="0" mb="2" cb="0"/><line nr="1294" mi="2" ci="0" mb="0" cb="0"/><line nr="1295" mi="4" ci="0" mb="0" cb="0"/><line nr="1296" mi="1" ci="0" mb="0" cb="0"/><line nr="1299" mi="3" ci="0" mb="2" cb="0"/><line nr="1300" mi="1" ci="0" mb="0" cb="0"/><line nr="1303" mi="7" ci="0" mb="0" cb="0"/><line nr="1304" mi="7" ci="0" mb="0" cb="0"/><line nr="1307" mi="6" ci="0" mb="2" cb="0"/><line nr="1311" mi="8" ci="0" mb="2" cb="0"/><line nr="1312" mi="1" ci="0" mb="0" cb="0"/><line nr="1313" mi="3" ci="0" mb="2" cb="0"/><line nr="1314" mi="2" ci="0" mb="0" cb="0"/><line nr="1315" mi="4" ci="0" mb="0" cb="0"/><line nr="1316" mi="1" ci="0" mb="0" cb="0"/><line nr="1319" mi="3" ci="0" mb="2" cb="0"/><line nr="1321" mi="3" ci="0" mb="2" cb="0"/><line nr="1323" mi="3" ci="0" mb="0" cb="0"/><line nr="1324" mi="3" ci="0" mb="0" cb="0"/><line nr="1325" mi="2" ci="0" mb="0" cb="0"/><line nr="1327" mi="1" ci="0" mb="0" cb="0"/><line nr="1328" mi="13" ci="0" mb="2" cb="0"/><line nr="1329" mi="2" ci="0" mb="0" cb="0"/><line nr="1330" mi="5" ci="0" mb="0" cb="0"/><line nr="1331" mi="4" ci="0" mb="0" cb="0"/><line nr="1336" mi="0" ci="155" mb="0" cb="0"/><line nr="1349" mi="0" ci="5" mb="0" cb="0"/><line nr="1350" mi="0" ci="8" mb="0" cb="2"/><line nr="1351" mi="0" ci="4" mb="0" cb="0"/><line nr="1352" mi="0" ci="4" mb="0" cb="0"/><line nr="1353" mi="0" ci="4" mb="0" cb="0"/><line nr="1354" mi="0" ci="4" mb="0" cb="0"/><line nr="1355" mi="0" ci="5" mb="0" cb="0"/><line nr="1357" mi="0" ci="3" mb="0" cb="0"/><line nr="1358" mi="0" ci="3" mb="0" cb="0"/><line nr="1359" mi="0" ci="3" mb="0" cb="0"/><line nr="1360" mi="0" ci="3" mb="0" cb="0"/><line nr="1362" mi="0" ci="2" mb="0" cb="0"/><line nr="1364" mi="0" ci="15" mb="0" cb="0"/><line nr="1368" mi="3" ci="3" mb="0" cb="0"/><line nr="1369" mi="3" ci="3" mb="0" cb="0"/><line nr="1379" mi="0" ci="2" mb="0" cb="0"/><line nr="1386" mi="0" ci="5" mb="0" cb="0"/><line nr="1388" mi="0" ci="1" mb="0" cb="0"/><line nr="1390" mi="0" ci="3" mb="0" cb="0"/><line nr="1391" mi="0" ci="3" mb="0" cb="0"/><line nr="1392" mi="0" ci="3" mb="0" cb="0"/><line nr="1393" mi="0" ci="2" mb="0" cb="0"/><line nr="1394" mi="0" ci="1" mb="0" cb="0"/><line nr="1395" mi="0" ci="4" mb="0" cb="0"/><line nr="1396" mi="0" ci="4" mb="0" cb="0"/><line nr="1397" mi="0" ci="3" mb="0" cb="0"/><line nr="1401" mi="0" ci="3" mb="4" cb="8"/><line nr="1404" mi="0" ci="3" mb="0" cb="0"/><line nr="1405" mi="0" ci="3" mb="0" cb="0"/><line nr="1406" mi="0" ci="3" mb="0" cb="0"/><line nr="1407" mi="0" ci="7" mb="1" cb="3"/><line nr="1409" mi="0" ci="4" mb="0" cb="0"/><line nr="1413" mi="3" ci="0" mb="0" cb="0"/><line nr="1414" mi="3" ci="0" mb="0" cb="0"/><line nr="1415" mi="3" ci="0" mb="0" cb="0"/><line nr="1416" mi="7" ci="0" mb="4" cb="0"/><line nr="1418" mi="4" ci="0" mb="0" cb="0"/><line nr="1422" mi="0" ci="3" mb="0" cb="0"/><line nr="1423" mi="0" ci="3" mb="0" cb="0"/><line nr="1424" mi="0" ci="3" mb="0" cb="0"/><line nr="1425" mi="0" ci="1" mb="0" cb="0"/><line nr="1427" mi="0" ci="3" mb="0" cb="0"/><line nr="1428" mi="0" ci="3" mb="0" cb="0"/><line nr="1429" mi="0" ci="3" mb="0" cb="0"/><line nr="1430" mi="0" ci="1" mb="0" cb="0"/><line nr="1432" mi="3" ci="0" mb="0" cb="0"/><line nr="1433" mi="3" ci="0" mb="0" cb="0"/><line nr="1434" mi="3" ci="0" mb="0" cb="0"/><line nr="1435" mi="1" ci="0" mb="0" cb="0"/><line nr="1437" mi="0" ci="3" mb="0" cb="0"/><line nr="1438" mi="0" ci="3" mb="0" cb="0"/><line nr="1439" mi="0" ci="3" mb="0" cb="0"/><line nr="1440" mi="0" ci="1" mb="0" cb="0"/><line nr="1442" mi="0" ci="3" mb="0" cb="0"/><line nr="1443" mi="0" ci="3" mb="0" cb="0"/><line nr="1444" mi="0" ci="3" mb="0" cb="0"/><line nr="1445" mi="0" ci="1" mb="0" cb="0"/><line nr="1447" mi="0" ci="3" mb="0" cb="0"/><line nr="1448" mi="0" ci="3" mb="0" cb="0"/><line nr="1449" mi="0" ci="3" mb="0" cb="0"/><line nr="1450" mi="0" ci="1" mb="0" cb="0"/><line nr="1452" mi="3" ci="0" mb="0" cb="0"/><line nr="1453" mi="3" ci="0" mb="0" cb="0"/><line nr="1454" mi="3" ci="0" mb="0" cb="0"/><line nr="1455" mi="1" ci="0" mb="0" cb="0"/><line nr="1457" mi="0" ci="3" mb="0" cb="0"/><line nr="1458" mi="0" ci="3" mb="0" cb="0"/><line nr="1459" mi="0" ci="3" mb="0" cb="0"/><line nr="1460" mi="0" ci="1" mb="0" cb="0"/><line nr="1462" mi="0" ci="3" mb="0" cb="0"/><line nr="1463" mi="0" ci="3" mb="0" cb="0"/><line nr="1464" mi="0" ci="3" mb="0" cb="0"/><line nr="1465" mi="0" ci="7" mb="2" cb="2"/><line nr="1467" mi="3" ci="0" mb="0" cb="0"/><line nr="1471" mi="0" ci="4" mb="1" cb="1"/><line nr="1473" mi="0" ci="6" mb="0" cb="2"/><line nr="1474" mi="0" ci="9" mb="0" cb="0"/><line nr="1475" mi="0" ci="16" mb="0" cb="2"/><line nr="1477" mi="0" ci="3" mb="0" cb="0"/><line nr="1478" mi="0" ci="6" mb="0" cb="2"/><line nr="1479" mi="0" ci="6" mb="0" cb="0"/><line nr="1480" mi="0" ci="2" mb="0" cb="0"/><line nr="1482" mi="0" ci="16" mb="1" cb="1"/><line nr="1484" mi="0" ci="3" mb="0" cb="0"/><line nr="1485" mi="0" ci="6" mb="0" cb="2"/><line nr="1486" mi="0" ci="7" mb="0" cb="0"/><line nr="1489" mi="9" ci="0" mb="0" cb="0"/><line nr="1490" mi="6" ci="0" mb="2" cb="0"/><line nr="1491" mi="6" ci="0" mb="0" cb="0"/><line nr="1492" mi="2" ci="0" mb="0" cb="0"/><line nr="1493" mi="3" ci="0" mb="0" cb="0"/><line nr="1495" mi="5" ci="0" mb="0" cb="0"/><line nr="1496" mi="1" ci="0" mb="0" cb="0"/><line nr="1498" mi="1" ci="0" mb="0" cb="0"/><line nr="1500" mi="4" ci="0" mb="0" cb="0"/><line nr="1501" mi="4" ci="0" mb="0" cb="0"/><line nr="1502" mi="2" ci="0" mb="0" cb="0"/><line nr="1503" mi="2" ci="0" mb="0" cb="0"/><line nr="1504" mi="8" ci="0" mb="0" cb="0"/><line nr="1505" mi="1" ci="0" mb="0" cb="0"/><line nr="1506" mi="2" ci="0" mb="0" cb="0"/><line nr="1507" mi="9" ci="0" mb="2" cb="0"/><line nr="1508" mi="8" ci="0" mb="4" cb="0"/><line nr="1509" mi="1" ci="0" mb="0" cb="0"/><line nr="1510" mi="3" ci="0" mb="0" cb="0"/><line nr="1513" mi="1" ci="0" mb="0" cb="0"/><line nr="1514" mi="1" ci="0" mb="0" cb="0"/><line nr="1515" mi="2" ci="0" mb="2" cb="0"/><line nr="1516" mi="4" ci="0" mb="0" cb="0"/><line nr="1517" mi="9" ci="0" mb="2" cb="0"/><line nr="1519" mi="13" ci="0" mb="0" cb="0"/><line nr="1526" mi="0" ci="3" mb="0" cb="2"/><line nr="1529" mi="0" ci="17" mb="0" cb="0"/><line nr="1530" mi="0" ci="4" mb="0" cb="0"/><line nr="1531" mi="0" ci="1" mb="0" cb="0"/><line nr="1535" mi="0" ci="1" mb="0" cb="0"/><line nr="1538" mi="12" ci="0" mb="0" cb="0"/><line nr="1539" mi="3" ci="0" mb="0" cb="0"/><line nr="1544" mi="1" ci="0" mb="0" cb="0"/><line nr="1547" mi="3" ci="0" mb="0" cb="0"/><line nr="1552" mi="1" ci="0" mb="0" cb="0"/><line nr="1555" mi="0" ci="7" mb="1" cb="1"/><line nr="1557" mi="0" ci="11" mb="0" cb="0"/><line nr="1558" mi="0" ci="6" mb="0" cb="0"/><line nr="1560" mi="0" ci="1" mb="0" cb="0"/><line nr="1564" mi="13" ci="0" mb="0" cb="0"/><line nr="1565" mi="4" ci="0" mb="2" cb="0"/><line nr="1566" mi="1" ci="0" mb="0" cb="0"/><line nr="1569" mi="0" ci="3" mb="0" cb="0"/><line nr="1570" mi="0" ci="3" mb="0" cb="0"/><line nr="1571" mi="0" ci="1" mb="0" cb="0"/><line nr="1574" mi="0" ci="2" mb="0" cb="0"/><line nr="1579" mi="0" ci="3" mb="0" cb="0"/><line nr="1580" mi="0" ci="1" mb="0" cb="0"/><line nr="1583" mi="2" ci="0" mb="0" cb="0"/><line nr="1584" mi="3" ci="0" mb="0" cb="0"/><line nr="1585" mi="3" ci="0" mb="0" cb="0"/><line nr="1586" mi="1" ci="0" mb="0" cb="0"/><line nr="1594" mi="6" ci="0" mb="0" cb="0"/><line nr="1597" mi="4" ci="0" mb="0" cb="0"/><line nr="1598" mi="3" ci="0" mb="0" cb="0"/><line nr="1599" mi="2" ci="0" mb="0" cb="0"/><line nr="1600" mi="1" ci="0" mb="0" cb="0"/><line nr="1605" mi="3" ci="0" mb="0" cb="0"/><line nr="1606" mi="5" ci="0" mb="2" cb="0"/><line nr="1607" mi="6" ci="0" mb="0" cb="0"/><line nr="1608" mi="1" ci="0" mb="0" cb="0"/><line nr="1614" mi="3" ci="0" mb="0" cb="0"/><line nr="1615" mi="3" ci="0" mb="0" cb="0"/><line nr="1616" mi="1" ci="0" mb="0" cb="0"/><line nr="1621" mi="5" ci="0" mb="4" cb="0"/><line nr="1622" mi="7" ci="0" mb="0" cb="0"/><line nr="1624" mi="3" ci="0" mb="0" cb="0"/><line nr="1625" mi="1" ci="0" mb="0" cb="0"/><line nr="1629" mi="0" ci="47" mb="0" cb="0"/><line nr="1644" mi="0" ci="155" mb="0" cb="0"/><line nr="1648" mi="0" ci="7" mb="0" cb="0"/><line nr="1651" mi="0" ci="7" mb="0" cb="0"/><line nr="1654" mi="0" ci="7" mb="0" cb="0"/><line nr="1657" mi="0" ci="8" mb="0" cb="0"/><line nr="1662" mi="4" ci="4" mb="0" cb="0"/><line nr="1663" mi="4" ci="4" mb="0" cb="0"/><line nr="1664" mi="5" ci="5" mb="0" cb="0"/><line nr="1665" mi="4" ci="4" mb="0" cb="0"/><counter type="INSTRUCTION" missed="1639" covered="2059"/><counter type="BRANCH" missed="362" covered="196"/><counter type="LINE" missed="476" covered="431"/><counter type="COMPLEXITY" missed="272" covered="98"/><counter type="METHOD" missed="29" covered="38"/><counter type="CLASS" missed="0" covered="1"/></sourcefile><counter type="INSTRUCTION" missed="3925" covered="3254"/><counter type="BRANCH" missed="576" covered="259"/><counter type="LINE" missed="922" covered="720"/><counter type="COMPLEXITY" missed="473" covered="162"/><counter type="METHOD" missed="94" covered="88"/><counter type="CLASS" missed="5" covered="7"/></package><counter type="INSTRUCTION" missed="5440" covered="4796"/><counter type="BRANCH" missed="758" covered="381"/><counter type="LINE" missed="1331" covered="1100"/><counter type="COMPLEXITY" missed="655" covered="259"/><counter type="METHOD" missed="159" covered="142"/><counter type="CLASS" missed="11" covered="14"/></report>